May 06, 2025 5:19:21 PM ai.glog.plugins.spotbugs.bug.resolve.CrlfInjectionLogsResolver getDetailText
SEVERE: Cannot invoke "ai.glog.context.miner.dto.ParameterDto.getRemediation()" because "statementRemediation" is null
java.lang.NullPointerException: Cannot invoke "ai.glog.context.miner.dto.ParameterDto.getRemediation()" because "statementRemediation" is null
	at ai.glog.plugins.spotbugs.bug.resolve.CrlfInjectionLogsResolver.getDetailText(CrlfInjectionLogsResolver.java:113)
	at ai.glog.execute.GlogTriage.execute(GlogTriage.java:71)
	at ai.glog.GlogCommandLine.main(GlogCommandLine.java:65)

May 06, 2025 5:19:21 PM ai.glog.plugins.spotbugs.bug.resolve.CrlfInjectionLogsResolver getDetailText
SEVERE: Cannot invoke "ai.glog.context.miner.dto.ParameterDto.getRemediation()" because "statementRemediation" is null
java.lang.NullPointerException: Cannot invoke "ai.glog.context.miner.dto.ParameterDto.getRemediation()" because "statementRemediation" is null
	at ai.glog.plugins.spotbugs.bug.resolve.CrlfInjectionLogsResolver.getDetailText(CrlfInjectionLogsResolver.java:113)
	at ai.glog.execute.GlogTriage.setDetailsForGenuineFinding(GlogTriage.java:150)
	at ai.glog.execute.GlogTriage.execute(GlogTriage.java:73)
	at ai.glog.GlogCommandLine.main(GlogCommandLine.java:65)

May 06, 2025 5:19:23 PM ai.glog.plugins.spotbugs.bug.resolve.CrlfInjectionLogsResolver getDetailText
SEVERE: Cannot invoke "ai.glog.context.miner.dto.ParameterDto.getRemediation()" because "statementRemediation" is null
java.lang.NullPointerException: Cannot invoke "ai.glog.context.miner.dto.ParameterDto.getRemediation()" because "statementRemediation" is null
	at ai.glog.plugins.spotbugs.bug.resolve.CrlfInjectionLogsResolver.getDetailText(CrlfInjectionLogsResolver.java:113)
	at ai.glog.execute.GlogTriage.execute(GlogTriage.java:71)
	at ai.glog.GlogCommandLine.main(GlogCommandLine.java:65)

May 06, 2025 5:19:23 PM ai.glog.plugins.spotbugs.bug.resolve.CrlfInjectionLogsResolver getDetailText
SEVERE: Cannot invoke "ai.glog.context.miner.dto.ParameterDto.getRemediation()" because "statementRemediation" is null
java.lang.NullPointerException: Cannot invoke "ai.glog.context.miner.dto.ParameterDto.getRemediation()" because "statementRemediation" is null
	at ai.glog.plugins.spotbugs.bug.resolve.CrlfInjectionLogsResolver.getDetailText(CrlfInjectionLogsResolver.java:113)
	at ai.glog.execute.GlogTriage.setDetailsForGenuineFinding(GlogTriage.java:150)
	at ai.glog.execute.GlogTriage.execute(GlogTriage.java:73)
	at ai.glog.GlogCommandLine.main(GlogCommandLine.java:65)

