Nov 06, 2024 10:17:10 PM ai.glog.plugins.spotbugs.bug.resolve.CrlfInjectionLogsResolver getDetailText
SEVERE: Cannot invoke "ai.glog.context.miner.dto.ParameterDto.getRemediation()" because "statementRemediation" is null
java.lang.NullPointerException: Cannot invoke "ai.glog.context.miner.dto.ParameterDto.getRemediation()" because "statementRemediation" is null
	at ai.glog.plugins.spotbugs.bug.resolve.CrlfInjectionLogsResolver.getDetailText(CrlfInjectionLogsResolver.java:112)
	at ai.glog.execute.GlogTriage.execute(GlogTriage.java:68)
	at ai.glog.GlogCommandLine.main(GlogCommandLine.java:65)

Nov 06, 2024 10:17:11 PM ai.glog.plugins.spotbugs.bug.resolve.CrlfInjectionLogsResolver getDetailText
SEVERE: Cannot invoke "ai.glog.context.miner.dto.ParameterDto.getRemediation()" because "statementRemediation" is null
java.lang.NullPointerException: Cannot invoke "ai.glog.context.miner.dto.ParameterDto.getRemediation()" because "statementRemediation" is null
	at ai.glog.plugins.spotbugs.bug.resolve.CrlfInjectionLogsResolver.getDetailText(CrlfInjectionLogsResolver.java:112)
	at ai.glog.execute.GlogTriage.setDetailsForGenuineFinding(GlogTriage.java:147)
	at ai.glog.execute.GlogTriage.execute(GlogTriage.java:70)
	at ai.glog.GlogCommandLine.main(GlogCommandLine.java:65)

Nov 06, 2024 10:17:12 PM ai.glog.plugins.spotbugs.bug.resolve.CrlfInjectionLogsResolver getDetailText
SEVERE: Cannot invoke "ai.glog.context.miner.dto.ParameterDto.getRemediation()" because "statementRemediation" is null
java.lang.NullPointerException: Cannot invoke "ai.glog.context.miner.dto.ParameterDto.getRemediation()" because "statementRemediation" is null
	at ai.glog.plugins.spotbugs.bug.resolve.CrlfInjectionLogsResolver.getDetailText(CrlfInjectionLogsResolver.java:112)
	at ai.glog.execute.GlogTriage.execute(GlogTriage.java:68)
	at ai.glog.GlogCommandLine.main(GlogCommandLine.java:65)

Nov 06, 2024 10:17:12 PM ai.glog.plugins.spotbugs.bug.resolve.CrlfInjectionLogsResolver getDetailText
SEVERE: Cannot invoke "ai.glog.context.miner.dto.ParameterDto.getRemediation()" because "statementRemediation" is null
java.lang.NullPointerException: Cannot invoke "ai.glog.context.miner.dto.ParameterDto.getRemediation()" because "statementRemediation" is null
	at ai.glog.plugins.spotbugs.bug.resolve.CrlfInjectionLogsResolver.getDetailText(CrlfInjectionLogsResolver.java:112)
	at ai.glog.execute.GlogTriage.setDetailsForGenuineFinding(GlogTriage.java:147)
	at ai.glog.execute.GlogTriage.execute(GlogTriage.java:70)
	at ai.glog.GlogCommandLine.main(GlogCommandLine.java:65)

Nov 06, 2024 10:17:19 PM ai.glog.plugins.spotbugs.bug.resolve.SpringMvcEndpointResolver getFieldsToRemediate
SEVERE: ModelAttribute (of class java.lang.String)
scala.MatchError: ModelAttribute (of class java.lang.String)
	at ai.glog.cpg.analysis.MethodAnalyzer$.getFieldsToRemediate$$anonfun$1$$anonfun$3(MethodAnalyzer.scala:70)
	at scala.runtime.function.JProcedure1.apply(JProcedure1.java:15)
	at scala.runtime.function.JProcedure1.apply(JProcedure1.java:10)
	at scala.collection.IterableOnceOps.foreach(IterableOnce.scala:576)
	at scala.collection.IterableOnceOps.foreach$(IterableOnce.scala:574)
	at scala.collection.AbstractIterator.foreach(Iterator.scala:1300)
	at ai.glog.cpg.analysis.MethodAnalyzer$.getFieldsToRemediate$$anonfun$1(MethodAnalyzer.scala:71)
	at scala.runtime.function.JProcedure1.apply(JProcedure1.java:15)
	at scala.runtime.function.JProcedure1.apply(JProcedure1.java:10)
	at scala.collection.IterableOnceOps.foreach(IterableOnce.scala:576)
	at scala.collection.IterableOnceOps.foreach$(IterableOnce.scala:574)
	at scala.collection.AbstractIterator.foreach(Iterator.scala:1300)
	at ai.glog.cpg.analysis.MethodAnalyzer$.getFieldsToRemediate(MethodAnalyzer.scala:74)
	at ai.glog.cpg.analysis.MethodAnalyzer.getFieldsToRemediate(MethodAnalyzer.scala)
	at ai.glog.plugins.spotbugs.bug.resolve.SpringMvcEndpointResolver.getFieldsToRemediate(SpringMvcEndpointResolver.java:238)
	at ai.glog.plugins.spotbugs.bug.resolve.SpringMvcEndpointResolver.getDetailText(SpringMvcEndpointResolver.java:180)
	at ai.glog.execute.GlogTriage.execute(GlogTriage.java:68)
	at ai.glog.GlogCommandLine.main(GlogCommandLine.java:65)

Nov 06, 2024 10:17:19 PM ai.glog.plugins.spotbugs.bug.resolve.SpringMvcEndpointResolver getFieldsToRemediate
SEVERE: ModelAttribute (of class java.lang.String)
scala.MatchError: ModelAttribute (of class java.lang.String)
	at ai.glog.cpg.analysis.MethodAnalyzer$.getFieldsToRemediate$$anonfun$1$$anonfun$3(MethodAnalyzer.scala:70)
	at scala.runtime.function.JProcedure1.apply(JProcedure1.java:15)
	at scala.runtime.function.JProcedure1.apply(JProcedure1.java:10)
	at scala.collection.IterableOnceOps.foreach(IterableOnce.scala:576)
	at scala.collection.IterableOnceOps.foreach$(IterableOnce.scala:574)
	at scala.collection.AbstractIterator.foreach(Iterator.scala:1300)
	at ai.glog.cpg.analysis.MethodAnalyzer$.getFieldsToRemediate$$anonfun$1(MethodAnalyzer.scala:71)
	at scala.runtime.function.JProcedure1.apply(JProcedure1.java:15)
	at scala.runtime.function.JProcedure1.apply(JProcedure1.java:10)
	at scala.collection.IterableOnceOps.foreach(IterableOnce.scala:576)
	at scala.collection.IterableOnceOps.foreach$(IterableOnce.scala:574)
	at scala.collection.AbstractIterator.foreach(Iterator.scala:1300)
	at ai.glog.cpg.analysis.MethodAnalyzer$.getFieldsToRemediate(MethodAnalyzer.scala:74)
	at ai.glog.cpg.analysis.MethodAnalyzer.getFieldsToRemediate(MethodAnalyzer.scala)
	at ai.glog.plugins.spotbugs.bug.resolve.SpringMvcEndpointResolver.getFieldsToRemediate(SpringMvcEndpointResolver.java:238)
	at ai.glog.plugins.spotbugs.bug.resolve.SpringMvcEndpointResolver.getDetailText(SpringMvcEndpointResolver.java:180)
	at ai.glog.execute.GlogTriage.setDetailsForGenuineFinding(GlogTriage.java:147)
	at ai.glog.execute.GlogTriage.execute(GlogTriage.java:70)
	at ai.glog.GlogCommandLine.main(GlogCommandLine.java:65)

Nov 06, 2024 10:17:38 PM ai.glog.plugins.spotbugs.bug.resolve.SpringMvcEndpointResolver getFieldsToRemediate
SEVERE: CookieValue (of class java.lang.String)
scala.MatchError: CookieValue (of class java.lang.String)
	at ai.glog.cpg.analysis.MethodAnalyzer$.getFieldsToRemediate$$anonfun$1$$anonfun$3(MethodAnalyzer.scala:70)
	at scala.runtime.function.JProcedure1.apply(JProcedure1.java:15)
	at scala.runtime.function.JProcedure1.apply(JProcedure1.java:10)
	at scala.collection.IterableOnceOps.foreach(IterableOnce.scala:576)
	at scala.collection.IterableOnceOps.foreach$(IterableOnce.scala:574)
	at scala.collection.AbstractIterator.foreach(Iterator.scala:1300)
	at ai.glog.cpg.analysis.MethodAnalyzer$.getFieldsToRemediate$$anonfun$1(MethodAnalyzer.scala:71)
	at scala.runtime.function.JProcedure1.apply(JProcedure1.java:15)
	at scala.runtime.function.JProcedure1.apply(JProcedure1.java:10)
	at scala.collection.IterableOnceOps.foreach(IterableOnce.scala:576)
	at scala.collection.IterableOnceOps.foreach$(IterableOnce.scala:574)
	at scala.collection.AbstractIterator.foreach(Iterator.scala:1300)
	at ai.glog.cpg.analysis.MethodAnalyzer$.getFieldsToRemediate(MethodAnalyzer.scala:74)
	at ai.glog.cpg.analysis.MethodAnalyzer.getFieldsToRemediate(MethodAnalyzer.scala)
	at ai.glog.plugins.spotbugs.bug.resolve.SpringMvcEndpointResolver.getFieldsToRemediate(SpringMvcEndpointResolver.java:238)
	at ai.glog.plugins.spotbugs.bug.resolve.SpringMvcEndpointResolver.getDetailText(SpringMvcEndpointResolver.java:180)
	at ai.glog.execute.GlogTriage.execute(GlogTriage.java:68)
	at ai.glog.GlogCommandLine.main(GlogCommandLine.java:65)

Nov 06, 2024 10:17:38 PM ai.glog.plugins.spotbugs.bug.resolve.SpringMvcEndpointResolver getFieldsToRemediate
SEVERE: CookieValue (of class java.lang.String)
scala.MatchError: CookieValue (of class java.lang.String)
	at ai.glog.cpg.analysis.MethodAnalyzer$.getFieldsToRemediate$$anonfun$1$$anonfun$3(MethodAnalyzer.scala:70)
	at scala.runtime.function.JProcedure1.apply(JProcedure1.java:15)
	at scala.runtime.function.JProcedure1.apply(JProcedure1.java:10)
	at scala.collection.IterableOnceOps.foreach(IterableOnce.scala:576)
	at scala.collection.IterableOnceOps.foreach$(IterableOnce.scala:574)
	at scala.collection.AbstractIterator.foreach(Iterator.scala:1300)
	at ai.glog.cpg.analysis.MethodAnalyzer$.getFieldsToRemediate$$anonfun$1(MethodAnalyzer.scala:71)
	at scala.runtime.function.JProcedure1.apply(JProcedure1.java:15)
	at scala.runtime.function.JProcedure1.apply(JProcedure1.java:10)
	at scala.collection.IterableOnceOps.foreach(IterableOnce.scala:576)
	at scala.collection.IterableOnceOps.foreach$(IterableOnce.scala:574)
	at scala.collection.AbstractIterator.foreach(Iterator.scala:1300)
	at ai.glog.cpg.analysis.MethodAnalyzer$.getFieldsToRemediate(MethodAnalyzer.scala:74)
	at ai.glog.cpg.analysis.MethodAnalyzer.getFieldsToRemediate(MethodAnalyzer.scala)
	at ai.glog.plugins.spotbugs.bug.resolve.SpringMvcEndpointResolver.getFieldsToRemediate(SpringMvcEndpointResolver.java:238)
	at ai.glog.plugins.spotbugs.bug.resolve.SpringMvcEndpointResolver.getDetailText(SpringMvcEndpointResolver.java:180)
	at ai.glog.execute.GlogTriage.setDetailsForGenuineFinding(GlogTriage.java:147)
	at ai.glog.execute.GlogTriage.execute(GlogTriage.java:70)
	at ai.glog.GlogCommandLine.main(GlogCommandLine.java:65)

Nov 06, 2024 10:17:41 PM ai.glog.plugins.spotbugs.bug.resolve.SpringMvcEndpointResolver getFieldsToRemediate
SEVERE: RequestHeader (of class java.lang.String)
scala.MatchError: RequestHeader (of class java.lang.String)
	at ai.glog.cpg.analysis.MethodAnalyzer$.getFieldsToRemediate$$anonfun$1$$anonfun$3(MethodAnalyzer.scala:70)
	at scala.runtime.function.JProcedure1.apply(JProcedure1.java:15)
	at scala.runtime.function.JProcedure1.apply(JProcedure1.java:10)
	at scala.collection.IterableOnceOps.foreach(IterableOnce.scala:576)
	at scala.collection.IterableOnceOps.foreach$(IterableOnce.scala:574)
	at scala.collection.AbstractIterator.foreach(Iterator.scala:1300)
	at ai.glog.cpg.analysis.MethodAnalyzer$.getFieldsToRemediate$$anonfun$1(MethodAnalyzer.scala:71)
	at scala.runtime.function.JProcedure1.apply(JProcedure1.java:15)
	at scala.runtime.function.JProcedure1.apply(JProcedure1.java:10)
	at scala.collection.IterableOnceOps.foreach(IterableOnce.scala:576)
	at scala.collection.IterableOnceOps.foreach$(IterableOnce.scala:574)
	at scala.collection.AbstractIterator.foreach(Iterator.scala:1300)
	at ai.glog.cpg.analysis.MethodAnalyzer$.getFieldsToRemediate(MethodAnalyzer.scala:74)
	at ai.glog.cpg.analysis.MethodAnalyzer.getFieldsToRemediate(MethodAnalyzer.scala)
	at ai.glog.plugins.spotbugs.bug.resolve.SpringMvcEndpointResolver.getFieldsToRemediate(SpringMvcEndpointResolver.java:238)
	at ai.glog.plugins.spotbugs.bug.resolve.SpringMvcEndpointResolver.getDetailText(SpringMvcEndpointResolver.java:180)
	at ai.glog.execute.GlogTriage.execute(GlogTriage.java:68)
	at ai.glog.GlogCommandLine.main(GlogCommandLine.java:65)

Nov 06, 2024 10:17:41 PM ai.glog.plugins.spotbugs.bug.resolve.SpringMvcEndpointResolver getFieldsToRemediate
SEVERE: RequestHeader (of class java.lang.String)
scala.MatchError: RequestHeader (of class java.lang.String)
	at ai.glog.cpg.analysis.MethodAnalyzer$.getFieldsToRemediate$$anonfun$1$$anonfun$3(MethodAnalyzer.scala:70)
	at scala.runtime.function.JProcedure1.apply(JProcedure1.java:15)
	at scala.runtime.function.JProcedure1.apply(JProcedure1.java:10)
	at scala.collection.IterableOnceOps.foreach(IterableOnce.scala:576)
	at scala.collection.IterableOnceOps.foreach$(IterableOnce.scala:574)
	at scala.collection.AbstractIterator.foreach(Iterator.scala:1300)
	at ai.glog.cpg.analysis.MethodAnalyzer$.getFieldsToRemediate$$anonfun$1(MethodAnalyzer.scala:71)
	at scala.runtime.function.JProcedure1.apply(JProcedure1.java:15)
	at scala.runtime.function.JProcedure1.apply(JProcedure1.java:10)
	at scala.collection.IterableOnceOps.foreach(IterableOnce.scala:576)
	at scala.collection.IterableOnceOps.foreach$(IterableOnce.scala:574)
	at scala.collection.AbstractIterator.foreach(Iterator.scala:1300)
	at ai.glog.cpg.analysis.MethodAnalyzer$.getFieldsToRemediate(MethodAnalyzer.scala:74)
	at ai.glog.cpg.analysis.MethodAnalyzer.getFieldsToRemediate(MethodAnalyzer.scala)
	at ai.glog.plugins.spotbugs.bug.resolve.SpringMvcEndpointResolver.getFieldsToRemediate(SpringMvcEndpointResolver.java:238)
	at ai.glog.plugins.spotbugs.bug.resolve.SpringMvcEndpointResolver.getDetailText(SpringMvcEndpointResolver.java:180)
	at ai.glog.execute.GlogTriage.setDetailsForGenuineFinding(GlogTriage.java:147)
	at ai.glog.execute.GlogTriage.execute(GlogTriage.java:70)
	at ai.glog.GlogCommandLine.main(GlogCommandLine.java:65)

Nov 06, 2024 10:17:43 PM ai.glog.plugins.spotbugs.bug.resolve.SpringMvcEndpointResolver getDetailText
SEVERE: next on empty iterator
java.util.NoSuchElementException: next on empty iterator
	at scala.collection.Iterator$$anon$19.next(Iterator.scala:973)
	at scala.collection.Iterator$$anon$19.next(Iterator.scala:971)
	at scala.collection.Iterator$$anon$6.next(Iterator.scala:492)
	at overflowdb.traversal.TraversalSugarExt$.head$extension(Traversal.scala:65)
	at ai.glog.cpg.analysis.TypeAnalyzer.getPublicStringFields(TypeAnalyzer.scala:25)
	at ai.glog.cpg.analysis.MethodAnalyzer$.getFieldsToRemediate$$anonfun$1$$anonfun$3(MethodAnalyzer.scala:60)
	at scala.runtime.function.JProcedure1.apply(JProcedure1.java:15)
	at scala.runtime.function.JProcedure1.apply(JProcedure1.java:10)
	at scala.collection.IterableOnceOps.foreach(IterableOnce.scala:576)
	at scala.collection.IterableOnceOps.foreach$(IterableOnce.scala:574)
	at scala.collection.AbstractIterator.foreach(Iterator.scala:1300)
	at ai.glog.cpg.analysis.MethodAnalyzer$.getFieldsToRemediate$$anonfun$1(MethodAnalyzer.scala:71)
	at scala.runtime.function.JProcedure1.apply(JProcedure1.java:15)
	at scala.runtime.function.JProcedure1.apply(JProcedure1.java:10)
	at scala.collection.IterableOnceOps.foreach(IterableOnce.scala:576)
	at scala.collection.IterableOnceOps.foreach$(IterableOnce.scala:574)
	at scala.collection.AbstractIterator.foreach(Iterator.scala:1300)
	at ai.glog.cpg.analysis.MethodAnalyzer$.getFieldsToRemediate(MethodAnalyzer.scala:74)
	at ai.glog.cpg.analysis.MethodAnalyzer.getFieldsToRemediate(MethodAnalyzer.scala)
	at ai.glog.plugins.spotbugs.bug.resolve.SpringMvcEndpointResolver.getFieldsToRemediate(SpringMvcEndpointResolver.java:238)
	at ai.glog.plugins.spotbugs.bug.resolve.SpringMvcEndpointResolver.getDetailText(SpringMvcEndpointResolver.java:180)
	at ai.glog.execute.GlogTriage.execute(GlogTriage.java:68)
	at ai.glog.GlogCommandLine.main(GlogCommandLine.java:65)

Nov 06, 2024 10:17:43 PM ai.glog.plugins.spotbugs.bug.resolve.SpringMvcEndpointResolver getDetailText
SEVERE: next on empty iterator
java.util.NoSuchElementException: next on empty iterator
	at scala.collection.Iterator$$anon$19.next(Iterator.scala:973)
	at scala.collection.Iterator$$anon$19.next(Iterator.scala:971)
	at scala.collection.Iterator$$anon$6.next(Iterator.scala:492)
	at overflowdb.traversal.TraversalSugarExt$.head$extension(Traversal.scala:65)
	at ai.glog.cpg.analysis.TypeAnalyzer.getPublicStringFields(TypeAnalyzer.scala:25)
	at ai.glog.cpg.analysis.MethodAnalyzer$.getFieldsToRemediate$$anonfun$1$$anonfun$3(MethodAnalyzer.scala:60)
	at scala.runtime.function.JProcedure1.apply(JProcedure1.java:15)
	at scala.runtime.function.JProcedure1.apply(JProcedure1.java:10)
	at scala.collection.IterableOnceOps.foreach(IterableOnce.scala:576)
	at scala.collection.IterableOnceOps.foreach$(IterableOnce.scala:574)
	at scala.collection.AbstractIterator.foreach(Iterator.scala:1300)
	at ai.glog.cpg.analysis.MethodAnalyzer$.getFieldsToRemediate$$anonfun$1(MethodAnalyzer.scala:71)
	at scala.runtime.function.JProcedure1.apply(JProcedure1.java:15)
	at scala.runtime.function.JProcedure1.apply(JProcedure1.java:10)
	at scala.collection.IterableOnceOps.foreach(IterableOnce.scala:576)
	at scala.collection.IterableOnceOps.foreach$(IterableOnce.scala:574)
	at scala.collection.AbstractIterator.foreach(Iterator.scala:1300)
	at ai.glog.cpg.analysis.MethodAnalyzer$.getFieldsToRemediate(MethodAnalyzer.scala:74)
	at ai.glog.cpg.analysis.MethodAnalyzer.getFieldsToRemediate(MethodAnalyzer.scala)
	at ai.glog.plugins.spotbugs.bug.resolve.SpringMvcEndpointResolver.getFieldsToRemediate(SpringMvcEndpointResolver.java:238)
	at ai.glog.plugins.spotbugs.bug.resolve.SpringMvcEndpointResolver.getDetailText(SpringMvcEndpointResolver.java:180)
	at ai.glog.execute.GlogTriage.setDetailsForGenuineFinding(GlogTriage.java:147)
	at ai.glog.execute.GlogTriage.execute(GlogTriage.java:70)
	at ai.glog.GlogCommandLine.main(GlogCommandLine.java:65)

Nov 06, 2024 10:17:45 PM ai.glog.plugins.spotbugs.bug.resolve.SpringMvcEndpointResolver getFieldsToRemediate
SEVERE: RequestHeader (of class java.lang.String)
scala.MatchError: RequestHeader (of class java.lang.String)
	at ai.glog.cpg.analysis.MethodAnalyzer$.getFieldsToRemediate$$anonfun$1$$anonfun$3(MethodAnalyzer.scala:70)
	at scala.runtime.function.JProcedure1.apply(JProcedure1.java:15)
	at scala.runtime.function.JProcedure1.apply(JProcedure1.java:10)
	at scala.collection.IterableOnceOps.foreach(IterableOnce.scala:576)
	at scala.collection.IterableOnceOps.foreach$(IterableOnce.scala:574)
	at scala.collection.AbstractIterator.foreach(Iterator.scala:1300)
	at ai.glog.cpg.analysis.MethodAnalyzer$.getFieldsToRemediate$$anonfun$1(MethodAnalyzer.scala:71)
	at scala.runtime.function.JProcedure1.apply(JProcedure1.java:15)
	at scala.runtime.function.JProcedure1.apply(JProcedure1.java:10)
	at scala.collection.IterableOnceOps.foreach(IterableOnce.scala:576)
	at scala.collection.IterableOnceOps.foreach$(IterableOnce.scala:574)
	at scala.collection.AbstractIterator.foreach(Iterator.scala:1300)
	at ai.glog.cpg.analysis.MethodAnalyzer$.getFieldsToRemediate(MethodAnalyzer.scala:74)
	at ai.glog.cpg.analysis.MethodAnalyzer.getFieldsToRemediate(MethodAnalyzer.scala)
	at ai.glog.plugins.spotbugs.bug.resolve.SpringMvcEndpointResolver.getFieldsToRemediate(SpringMvcEndpointResolver.java:238)
	at ai.glog.plugins.spotbugs.bug.resolve.SpringMvcEndpointResolver.getDetailText(SpringMvcEndpointResolver.java:180)
	at ai.glog.execute.GlogTriage.execute(GlogTriage.java:68)
	at ai.glog.GlogCommandLine.main(GlogCommandLine.java:65)

Nov 06, 2024 10:17:45 PM ai.glog.plugins.spotbugs.bug.resolve.SpringMvcEndpointResolver getFieldsToRemediate
SEVERE: RequestHeader (of class java.lang.String)
scala.MatchError: RequestHeader (of class java.lang.String)
	at ai.glog.cpg.analysis.MethodAnalyzer$.getFieldsToRemediate$$anonfun$1$$anonfun$3(MethodAnalyzer.scala:70)
	at scala.runtime.function.JProcedure1.apply(JProcedure1.java:15)
	at scala.runtime.function.JProcedure1.apply(JProcedure1.java:10)
	at scala.collection.IterableOnceOps.foreach(IterableOnce.scala:576)
	at scala.collection.IterableOnceOps.foreach$(IterableOnce.scala:574)
	at scala.collection.AbstractIterator.foreach(Iterator.scala:1300)
	at ai.glog.cpg.analysis.MethodAnalyzer$.getFieldsToRemediate$$anonfun$1(MethodAnalyzer.scala:71)
	at scala.runtime.function.JProcedure1.apply(JProcedure1.java:15)
	at scala.runtime.function.JProcedure1.apply(JProcedure1.java:10)
	at scala.collection.IterableOnceOps.foreach(IterableOnce.scala:576)
	at scala.collection.IterableOnceOps.foreach$(IterableOnce.scala:574)
	at scala.collection.AbstractIterator.foreach(Iterator.scala:1300)
	at ai.glog.cpg.analysis.MethodAnalyzer$.getFieldsToRemediate(MethodAnalyzer.scala:74)
	at ai.glog.cpg.analysis.MethodAnalyzer.getFieldsToRemediate(MethodAnalyzer.scala)
	at ai.glog.plugins.spotbugs.bug.resolve.SpringMvcEndpointResolver.getFieldsToRemediate(SpringMvcEndpointResolver.java:238)
	at ai.glog.plugins.spotbugs.bug.resolve.SpringMvcEndpointResolver.getDetailText(SpringMvcEndpointResolver.java:180)
	at ai.glog.execute.GlogTriage.setDetailsForGenuineFinding(GlogTriage.java:147)
	at ai.glog.execute.GlogTriage.execute(GlogTriage.java:70)
	at ai.glog.GlogCommandLine.main(GlogCommandLine.java:65)

Nov 06, 2024 10:17:45 PM ai.glog.plugins.spotbugs.bug.resolve.SpringMvcEndpointResolver getFieldsToRemediate
SEVERE: RequestHeader (of class java.lang.String)
scala.MatchError: RequestHeader (of class java.lang.String)
	at ai.glog.cpg.analysis.MethodAnalyzer$.getFieldsToRemediate$$anonfun$1$$anonfun$3(MethodAnalyzer.scala:70)
	at scala.runtime.function.JProcedure1.apply(JProcedure1.java:15)
	at scala.runtime.function.JProcedure1.apply(JProcedure1.java:10)
	at scala.collection.IterableOnceOps.foreach(IterableOnce.scala:576)
	at scala.collection.IterableOnceOps.foreach$(IterableOnce.scala:574)
	at scala.collection.AbstractIterator.foreach(Iterator.scala:1300)
	at ai.glog.cpg.analysis.MethodAnalyzer$.getFieldsToRemediate$$anonfun$1(MethodAnalyzer.scala:71)
	at scala.runtime.function.JProcedure1.apply(JProcedure1.java:15)
	at scala.runtime.function.JProcedure1.apply(JProcedure1.java:10)
	at scala.collection.IterableOnceOps.foreach(IterableOnce.scala:576)
	at scala.collection.IterableOnceOps.foreach$(IterableOnce.scala:574)
	at scala.collection.AbstractIterator.foreach(Iterator.scala:1300)
	at ai.glog.cpg.analysis.MethodAnalyzer$.getFieldsToRemediate(MethodAnalyzer.scala:74)
	at ai.glog.cpg.analysis.MethodAnalyzer.getFieldsToRemediate(MethodAnalyzer.scala)
	at ai.glog.plugins.spotbugs.bug.resolve.SpringMvcEndpointResolver.getFieldsToRemediate(SpringMvcEndpointResolver.java:238)
	at ai.glog.plugins.spotbugs.bug.resolve.SpringMvcEndpointResolver.getDetailText(SpringMvcEndpointResolver.java:180)
	at ai.glog.execute.GlogTriage.execute(GlogTriage.java:68)
	at ai.glog.GlogCommandLine.main(GlogCommandLine.java:65)

Nov 06, 2024 10:17:45 PM ai.glog.plugins.spotbugs.bug.resolve.SpringMvcEndpointResolver getFieldsToRemediate
SEVERE: RequestHeader (of class java.lang.String)
scala.MatchError: RequestHeader (of class java.lang.String)
	at ai.glog.cpg.analysis.MethodAnalyzer$.getFieldsToRemediate$$anonfun$1$$anonfun$3(MethodAnalyzer.scala:70)
	at scala.runtime.function.JProcedure1.apply(JProcedure1.java:15)
	at scala.runtime.function.JProcedure1.apply(JProcedure1.java:10)
	at scala.collection.IterableOnceOps.foreach(IterableOnce.scala:576)
	at scala.collection.IterableOnceOps.foreach$(IterableOnce.scala:574)
	at scala.collection.AbstractIterator.foreach(Iterator.scala:1300)
	at ai.glog.cpg.analysis.MethodAnalyzer$.getFieldsToRemediate$$anonfun$1(MethodAnalyzer.scala:71)
	at scala.runtime.function.JProcedure1.apply(JProcedure1.java:15)
	at scala.runtime.function.JProcedure1.apply(JProcedure1.java:10)
	at scala.collection.IterableOnceOps.foreach(IterableOnce.scala:576)
	at scala.collection.IterableOnceOps.foreach$(IterableOnce.scala:574)
	at scala.collection.AbstractIterator.foreach(Iterator.scala:1300)
	at ai.glog.cpg.analysis.MethodAnalyzer$.getFieldsToRemediate(MethodAnalyzer.scala:74)
	at ai.glog.cpg.analysis.MethodAnalyzer.getFieldsToRemediate(MethodAnalyzer.scala)
	at ai.glog.plugins.spotbugs.bug.resolve.SpringMvcEndpointResolver.getFieldsToRemediate(SpringMvcEndpointResolver.java:238)
	at ai.glog.plugins.spotbugs.bug.resolve.SpringMvcEndpointResolver.getDetailText(SpringMvcEndpointResolver.java:180)
	at ai.glog.execute.GlogTriage.setDetailsForGenuineFinding(GlogTriage.java:147)
	at ai.glog.execute.GlogTriage.execute(GlogTriage.java:70)
	at ai.glog.GlogCommandLine.main(GlogCommandLine.java:65)

Nov 06, 2024 10:17:46 PM ai.glog.plugins.spotbugs.bug.resolve.SpringMvcEndpointResolver getFieldsToRemediate
SEVERE: CookieValue (of class java.lang.String)
scala.MatchError: CookieValue (of class java.lang.String)
	at ai.glog.cpg.analysis.MethodAnalyzer$.getFieldsToRemediate$$anonfun$1$$anonfun$3(MethodAnalyzer.scala:70)
	at scala.runtime.function.JProcedure1.apply(JProcedure1.java:15)
	at scala.runtime.function.JProcedure1.apply(JProcedure1.java:10)
	at scala.collection.IterableOnceOps.foreach(IterableOnce.scala:576)
	at scala.collection.IterableOnceOps.foreach$(IterableOnce.scala:574)
	at scala.collection.AbstractIterator.foreach(Iterator.scala:1300)
	at ai.glog.cpg.analysis.MethodAnalyzer$.getFieldsToRemediate$$anonfun$1(MethodAnalyzer.scala:71)
	at scala.runtime.function.JProcedure1.apply(JProcedure1.java:15)
	at scala.runtime.function.JProcedure1.apply(JProcedure1.java:10)
	at scala.collection.IterableOnceOps.foreach(IterableOnce.scala:576)
	at scala.collection.IterableOnceOps.foreach$(IterableOnce.scala:574)
	at scala.collection.AbstractIterator.foreach(Iterator.scala:1300)
	at ai.glog.cpg.analysis.MethodAnalyzer$.getFieldsToRemediate(MethodAnalyzer.scala:74)
	at ai.glog.cpg.analysis.MethodAnalyzer.getFieldsToRemediate(MethodAnalyzer.scala)
	at ai.glog.plugins.spotbugs.bug.resolve.SpringMvcEndpointResolver.getFieldsToRemediate(SpringMvcEndpointResolver.java:238)
	at ai.glog.plugins.spotbugs.bug.resolve.SpringMvcEndpointResolver.getDetailText(SpringMvcEndpointResolver.java:180)
	at ai.glog.execute.GlogTriage.execute(GlogTriage.java:68)
	at ai.glog.GlogCommandLine.main(GlogCommandLine.java:65)

Nov 06, 2024 10:17:46 PM ai.glog.plugins.spotbugs.bug.resolve.SpringMvcEndpointResolver getFieldsToRemediate
SEVERE: CookieValue (of class java.lang.String)
scala.MatchError: CookieValue (of class java.lang.String)
	at ai.glog.cpg.analysis.MethodAnalyzer$.getFieldsToRemediate$$anonfun$1$$anonfun$3(MethodAnalyzer.scala:70)
	at scala.runtime.function.JProcedure1.apply(JProcedure1.java:15)
	at scala.runtime.function.JProcedure1.apply(JProcedure1.java:10)
	at scala.collection.IterableOnceOps.foreach(IterableOnce.scala:576)
	at scala.collection.IterableOnceOps.foreach$(IterableOnce.scala:574)
	at scala.collection.AbstractIterator.foreach(Iterator.scala:1300)
	at ai.glog.cpg.analysis.MethodAnalyzer$.getFieldsToRemediate$$anonfun$1(MethodAnalyzer.scala:71)
	at scala.runtime.function.JProcedure1.apply(JProcedure1.java:15)
	at scala.runtime.function.JProcedure1.apply(JProcedure1.java:10)
	at scala.collection.IterableOnceOps.foreach(IterableOnce.scala:576)
	at scala.collection.IterableOnceOps.foreach$(IterableOnce.scala:574)
	at scala.collection.AbstractIterator.foreach(Iterator.scala:1300)
	at ai.glog.cpg.analysis.MethodAnalyzer$.getFieldsToRemediate(MethodAnalyzer.scala:74)
	at ai.glog.cpg.analysis.MethodAnalyzer.getFieldsToRemediate(MethodAnalyzer.scala)
	at ai.glog.plugins.spotbugs.bug.resolve.SpringMvcEndpointResolver.getFieldsToRemediate(SpringMvcEndpointResolver.java:238)
	at ai.glog.plugins.spotbugs.bug.resolve.SpringMvcEndpointResolver.getDetailText(SpringMvcEndpointResolver.java:180)
	at ai.glog.execute.GlogTriage.setDetailsForGenuineFinding(GlogTriage.java:147)
	at ai.glog.execute.GlogTriage.execute(GlogTriage.java:70)
	at ai.glog.GlogCommandLine.main(GlogCommandLine.java:65)

Nov 06, 2024 10:17:46 PM ai.glog.plugins.spotbugs.bug.resolve.SpringMvcEndpointResolver getFieldsToRemediate
SEVERE: CookieValue (of class java.lang.String)
scala.MatchError: CookieValue (of class java.lang.String)
	at ai.glog.cpg.analysis.MethodAnalyzer$.getFieldsToRemediate$$anonfun$1$$anonfun$3(MethodAnalyzer.scala:70)
	at scala.runtime.function.JProcedure1.apply(JProcedure1.java:15)
	at scala.runtime.function.JProcedure1.apply(JProcedure1.java:10)
	at scala.collection.IterableOnceOps.foreach(IterableOnce.scala:576)
	at scala.collection.IterableOnceOps.foreach$(IterableOnce.scala:574)
	at scala.collection.AbstractIterator.foreach(Iterator.scala:1300)
	at ai.glog.cpg.analysis.MethodAnalyzer$.getFieldsToRemediate$$anonfun$1(MethodAnalyzer.scala:71)
	at scala.runtime.function.JProcedure1.apply(JProcedure1.java:15)
	at scala.runtime.function.JProcedure1.apply(JProcedure1.java:10)
	at scala.collection.IterableOnceOps.foreach(IterableOnce.scala:576)
	at scala.collection.IterableOnceOps.foreach$(IterableOnce.scala:574)
	at scala.collection.AbstractIterator.foreach(Iterator.scala:1300)
	at ai.glog.cpg.analysis.MethodAnalyzer$.getFieldsToRemediate(MethodAnalyzer.scala:74)
	at ai.glog.cpg.analysis.MethodAnalyzer.getFieldsToRemediate(MethodAnalyzer.scala)
	at ai.glog.plugins.spotbugs.bug.resolve.SpringMvcEndpointResolver.getFieldsToRemediate(SpringMvcEndpointResolver.java:238)
	at ai.glog.plugins.spotbugs.bug.resolve.SpringMvcEndpointResolver.getDetailText(SpringMvcEndpointResolver.java:180)
	at ai.glog.execute.GlogTriage.execute(GlogTriage.java:68)
	at ai.glog.GlogCommandLine.main(GlogCommandLine.java:65)

Nov 06, 2024 10:17:46 PM ai.glog.plugins.spotbugs.bug.resolve.SpringMvcEndpointResolver getFieldsToRemediate
SEVERE: CookieValue (of class java.lang.String)
scala.MatchError: CookieValue (of class java.lang.String)
	at ai.glog.cpg.analysis.MethodAnalyzer$.getFieldsToRemediate$$anonfun$1$$anonfun$3(MethodAnalyzer.scala:70)
	at scala.runtime.function.JProcedure1.apply(JProcedure1.java:15)
	at scala.runtime.function.JProcedure1.apply(JProcedure1.java:10)
	at scala.collection.IterableOnceOps.foreach(IterableOnce.scala:576)
	at scala.collection.IterableOnceOps.foreach$(IterableOnce.scala:574)
	at scala.collection.AbstractIterator.foreach(Iterator.scala:1300)
	at ai.glog.cpg.analysis.MethodAnalyzer$.getFieldsToRemediate$$anonfun$1(MethodAnalyzer.scala:71)
	at scala.runtime.function.JProcedure1.apply(JProcedure1.java:15)
	at scala.runtime.function.JProcedure1.apply(JProcedure1.java:10)
	at scala.collection.IterableOnceOps.foreach(IterableOnce.scala:576)
	at scala.collection.IterableOnceOps.foreach$(IterableOnce.scala:574)
	at scala.collection.AbstractIterator.foreach(Iterator.scala:1300)
	at ai.glog.cpg.analysis.MethodAnalyzer$.getFieldsToRemediate(MethodAnalyzer.scala:74)
	at ai.glog.cpg.analysis.MethodAnalyzer.getFieldsToRemediate(MethodAnalyzer.scala)
	at ai.glog.plugins.spotbugs.bug.resolve.SpringMvcEndpointResolver.getFieldsToRemediate(SpringMvcEndpointResolver.java:238)
	at ai.glog.plugins.spotbugs.bug.resolve.SpringMvcEndpointResolver.getDetailText(SpringMvcEndpointResolver.java:180)
	at ai.glog.execute.GlogTriage.setDetailsForGenuineFinding(GlogTriage.java:147)
	at ai.glog.execute.GlogTriage.execute(GlogTriage.java:70)
	at ai.glog.GlogCommandLine.main(GlogCommandLine.java:65)

Nov 06, 2024 10:17:46 PM ai.glog.plugins.spotbugs.bug.resolve.SpringMvcEndpointResolver getFieldsToRemediate
SEVERE: CookieValue (of class java.lang.String)
scala.MatchError: CookieValue (of class java.lang.String)
	at ai.glog.cpg.analysis.MethodAnalyzer$.getFieldsToRemediate$$anonfun$1$$anonfun$3(MethodAnalyzer.scala:70)
	at scala.runtime.function.JProcedure1.apply(JProcedure1.java:15)
	at scala.runtime.function.JProcedure1.apply(JProcedure1.java:10)
	at scala.collection.IterableOnceOps.foreach(IterableOnce.scala:576)
	at scala.collection.IterableOnceOps.foreach$(IterableOnce.scala:574)
	at scala.collection.AbstractIterator.foreach(Iterator.scala:1300)
	at ai.glog.cpg.analysis.MethodAnalyzer$.getFieldsToRemediate$$anonfun$1(MethodAnalyzer.scala:71)
	at scala.runtime.function.JProcedure1.apply(JProcedure1.java:15)
	at scala.runtime.function.JProcedure1.apply(JProcedure1.java:10)
	at scala.collection.IterableOnceOps.foreach(IterableOnce.scala:576)
	at scala.collection.IterableOnceOps.foreach$(IterableOnce.scala:574)
	at scala.collection.AbstractIterator.foreach(Iterator.scala:1300)
	at ai.glog.cpg.analysis.MethodAnalyzer$.getFieldsToRemediate(MethodAnalyzer.scala:74)
	at ai.glog.cpg.analysis.MethodAnalyzer.getFieldsToRemediate(MethodAnalyzer.scala)
	at ai.glog.plugins.spotbugs.bug.resolve.SpringMvcEndpointResolver.getFieldsToRemediate(SpringMvcEndpointResolver.java:238)
	at ai.glog.plugins.spotbugs.bug.resolve.SpringMvcEndpointResolver.getDetailText(SpringMvcEndpointResolver.java:180)
	at ai.glog.execute.GlogTriage.execute(GlogTriage.java:68)
	at ai.glog.GlogCommandLine.main(GlogCommandLine.java:65)

Nov 06, 2024 10:17:46 PM ai.glog.plugins.spotbugs.bug.resolve.SpringMvcEndpointResolver getFieldsToRemediate
SEVERE: CookieValue (of class java.lang.String)
scala.MatchError: CookieValue (of class java.lang.String)
	at ai.glog.cpg.analysis.MethodAnalyzer$.getFieldsToRemediate$$anonfun$1$$anonfun$3(MethodAnalyzer.scala:70)
	at scala.runtime.function.JProcedure1.apply(JProcedure1.java:15)
	at scala.runtime.function.JProcedure1.apply(JProcedure1.java:10)
	at scala.collection.IterableOnceOps.foreach(IterableOnce.scala:576)
	at scala.collection.IterableOnceOps.foreach$(IterableOnce.scala:574)
	at scala.collection.AbstractIterator.foreach(Iterator.scala:1300)
	at ai.glog.cpg.analysis.MethodAnalyzer$.getFieldsToRemediate$$anonfun$1(MethodAnalyzer.scala:71)
	at scala.runtime.function.JProcedure1.apply(JProcedure1.java:15)
	at scala.runtime.function.JProcedure1.apply(JProcedure1.java:10)
	at scala.collection.IterableOnceOps.foreach(IterableOnce.scala:576)
	at scala.collection.IterableOnceOps.foreach$(IterableOnce.scala:574)
	at scala.collection.AbstractIterator.foreach(Iterator.scala:1300)
	at ai.glog.cpg.analysis.MethodAnalyzer$.getFieldsToRemediate(MethodAnalyzer.scala:74)
	at ai.glog.cpg.analysis.MethodAnalyzer.getFieldsToRemediate(MethodAnalyzer.scala)
	at ai.glog.plugins.spotbugs.bug.resolve.SpringMvcEndpointResolver.getFieldsToRemediate(SpringMvcEndpointResolver.java:238)
	at ai.glog.plugins.spotbugs.bug.resolve.SpringMvcEndpointResolver.getDetailText(SpringMvcEndpointResolver.java:180)
	at ai.glog.execute.GlogTriage.setDetailsForGenuineFinding(GlogTriage.java:147)
	at ai.glog.execute.GlogTriage.execute(GlogTriage.java:70)
	at ai.glog.GlogCommandLine.main(GlogCommandLine.java:65)

Nov 06, 2024 10:17:48 PM ai.glog.plugins.spotbugs.bug.resolve.SqlInjectionResolver getSinkCpg
SEVERE: next on empty iterator
java.util.NoSuchElementException: next on empty iterator
	at scala.collection.Iterator$$anon$19.next(Iterator.scala:973)
	at scala.collection.Iterator$$anon$19.next(Iterator.scala:971)
	at scala.collection.Iterator$$anon$6.next(Iterator.scala:492)
	at overflowdb.traversal.TraversalSugarExt$.head$extension(Traversal.scala:65)
	at ai.glog.cpg.analysis.SinkAnalyzer$.getSink(SinkAnalyzer.scala:17)
	at ai.glog.cpg.analysis.SinkAnalyzer.getSink(SinkAnalyzer.scala)
	at ai.glog.plugins.spotbugs.bug.resolve.SqlInjectionResolver.getSinkCpg(SqlInjectionResolver.java:165)
	at ai.glog.plugins.spotbugs.bug.resolve.SqlInjectionResolver.remediation(SqlInjectionResolver.java:103)
	at ai.glog.plugins.spotbugs.bug.resolve.SqlInjectionResolver.isFalsePositive(SqlInjectionResolver.java:67)
	at ai.glog.execute.GlogTriage.isFalsePositive(GlogTriage.java:112)
	at ai.glog.execute.GlogTriage.execute(GlogTriage.java:65)
	at ai.glog.GlogCommandLine.main(GlogCommandLine.java:65)

Nov 06, 2024 10:17:48 PM ai.glog.plugins.spotbugs.bug.resolve.SqlInjectionResolver remediation
SEVERE: Cannot invoke "overflowdb.Node.out(String[])" because "_$4" is null
java.lang.NullPointerException: Cannot invoke "overflowdb.Node.out(String[])" because "_$4" is null
	at overflowdb.traversal.NodeTraversal$.out$extension$$anonfun$2(NodeTraversal.scala:41)
	at scala.collection.Iterator$$anon$10.nextCur(Iterator.scala:594)
	at scala.collection.Iterator$$anon$10.hasNext(Iterator.scala:608)
	at scala.collection.Iterator.isEmpty(Iterator.scala:466)
	at scala.collection.Iterator.isEmpty$(Iterator.scala:466)
	at scala.collection.AbstractIterator.isEmpty(Iterator.scala:1300)
	at overflowdb.traversal.RepeatStepIterator.traverseOnWorklist(RepeatStep.scala:74)
	at overflowdb.traversal.RepeatStepIterator.hasNext(RepeatStep.scala:65)
	at scala.collection.Iterator$$anon$10.hasNext(Iterator.scala:600)
	at scala.collection.Iterator$$anon$6.hasNext(Iterator.scala:480)
	at scala.collection.Iterator$$anon$6.next(Iterator.scala:488)
	at overflowdb.traversal.TraversalSugarExt$.head$extension(Traversal.scala:65)
	at ai.glog.cpg.analysis.SinkAnalyzer$.getSinkArguments(SinkAnalyzer.scala:21)
	at ai.glog.cpg.analysis.SinkAnalyzer.getSinkArguments(SinkAnalyzer.scala)
	at ai.glog.plugins.spotbugs.bug.resolve.SqlInjectionResolver.remediation(SqlInjectionResolver.java:105)
	at ai.glog.plugins.spotbugs.bug.resolve.SqlInjectionResolver.isFalsePositive(SqlInjectionResolver.java:67)
	at ai.glog.execute.GlogTriage.isFalsePositive(GlogTriage.java:112)
	at ai.glog.execute.GlogTriage.execute(GlogTriage.java:65)
	at ai.glog.GlogCommandLine.main(GlogCommandLine.java:65)

Nov 06, 2024 10:17:48 PM ai.glog.plugins.spotbugs.bug.resolve.SqlInjectionResolver getSinkCpg
SEVERE: next on empty iterator
java.util.NoSuchElementException: next on empty iterator
	at scala.collection.Iterator$$anon$19.next(Iterator.scala:973)
	at scala.collection.Iterator$$anon$19.next(Iterator.scala:971)
	at scala.collection.Iterator$$anon$6.next(Iterator.scala:492)
	at overflowdb.traversal.TraversalSugarExt$.head$extension(Traversal.scala:65)
	at ai.glog.cpg.analysis.SinkAnalyzer$.getSink(SinkAnalyzer.scala:17)
	at ai.glog.cpg.analysis.SinkAnalyzer.getSink(SinkAnalyzer.scala)
	at ai.glog.plugins.spotbugs.bug.resolve.SqlInjectionResolver.getSinkCpg(SqlInjectionResolver.java:165)
	at ai.glog.plugins.spotbugs.bug.resolve.SqlInjectionResolver.remediation(SqlInjectionResolver.java:103)
	at ai.glog.plugins.spotbugs.bug.resolve.SqlInjectionResolver.getDetailText(SqlInjectionResolver.java:177)
	at ai.glog.execute.GlogTriage.execute(GlogTriage.java:68)
	at ai.glog.GlogCommandLine.main(GlogCommandLine.java:65)

Nov 06, 2024 10:17:48 PM ai.glog.plugins.spotbugs.bug.resolve.SqlInjectionResolver remediation
SEVERE: Cannot invoke "overflowdb.Node.out(String[])" because "_$4" is null
java.lang.NullPointerException: Cannot invoke "overflowdb.Node.out(String[])" because "_$4" is null
	at overflowdb.traversal.NodeTraversal$.out$extension$$anonfun$2(NodeTraversal.scala:41)
	at scala.collection.Iterator$$anon$10.nextCur(Iterator.scala:594)
	at scala.collection.Iterator$$anon$10.hasNext(Iterator.scala:608)
	at scala.collection.Iterator.isEmpty(Iterator.scala:466)
	at scala.collection.Iterator.isEmpty$(Iterator.scala:466)
	at scala.collection.AbstractIterator.isEmpty(Iterator.scala:1300)
	at overflowdb.traversal.RepeatStepIterator.traverseOnWorklist(RepeatStep.scala:74)
	at overflowdb.traversal.RepeatStepIterator.hasNext(RepeatStep.scala:65)
	at scala.collection.Iterator$$anon$10.hasNext(Iterator.scala:600)
	at scala.collection.Iterator$$anon$6.hasNext(Iterator.scala:480)
	at scala.collection.Iterator$$anon$6.next(Iterator.scala:488)
	at overflowdb.traversal.TraversalSugarExt$.head$extension(Traversal.scala:65)
	at ai.glog.cpg.analysis.SinkAnalyzer$.getSinkArguments(SinkAnalyzer.scala:21)
	at ai.glog.cpg.analysis.SinkAnalyzer.getSinkArguments(SinkAnalyzer.scala)
	at ai.glog.plugins.spotbugs.bug.resolve.SqlInjectionResolver.remediation(SqlInjectionResolver.java:105)
	at ai.glog.plugins.spotbugs.bug.resolve.SqlInjectionResolver.getDetailText(SqlInjectionResolver.java:177)
	at ai.glog.execute.GlogTriage.execute(GlogTriage.java:68)
	at ai.glog.GlogCommandLine.main(GlogCommandLine.java:65)

Nov 06, 2024 10:17:48 PM ai.glog.plugins.spotbugs.bug.resolve.SqlInjectionResolver getSinkCpg
SEVERE: next on empty iterator
java.util.NoSuchElementException: next on empty iterator
	at scala.collection.Iterator$$anon$19.next(Iterator.scala:973)
	at scala.collection.Iterator$$anon$19.next(Iterator.scala:971)
	at scala.collection.Iterator$$anon$6.next(Iterator.scala:492)
	at overflowdb.traversal.TraversalSugarExt$.head$extension(Traversal.scala:65)
	at ai.glog.cpg.analysis.SinkAnalyzer$.getSink(SinkAnalyzer.scala:17)
	at ai.glog.cpg.analysis.SinkAnalyzer.getSink(SinkAnalyzer.scala)
	at ai.glog.plugins.spotbugs.bug.resolve.SqlInjectionResolver.getSinkCpg(SqlInjectionResolver.java:165)
	at ai.glog.plugins.spotbugs.bug.resolve.SqlInjectionResolver.remediation(SqlInjectionResolver.java:103)
	at ai.glog.plugins.spotbugs.bug.resolve.SqlInjectionResolver.getDetailText(SqlInjectionResolver.java:177)
	at ai.glog.execute.GlogTriage.setDetailsForGenuineFinding(GlogTriage.java:147)
	at ai.glog.execute.GlogTriage.execute(GlogTriage.java:70)
	at ai.glog.GlogCommandLine.main(GlogCommandLine.java:65)

Nov 06, 2024 10:17:48 PM ai.glog.plugins.spotbugs.bug.resolve.SqlInjectionResolver remediation
SEVERE: Cannot invoke "overflowdb.Node.out(String[])" because "_$4" is null
java.lang.NullPointerException: Cannot invoke "overflowdb.Node.out(String[])" because "_$4" is null
	at overflowdb.traversal.NodeTraversal$.out$extension$$anonfun$2(NodeTraversal.scala:41)
	at scala.collection.Iterator$$anon$10.nextCur(Iterator.scala:594)
	at scala.collection.Iterator$$anon$10.hasNext(Iterator.scala:608)
	at scala.collection.Iterator.isEmpty(Iterator.scala:466)
	at scala.collection.Iterator.isEmpty$(Iterator.scala:466)
	at scala.collection.AbstractIterator.isEmpty(Iterator.scala:1300)
	at overflowdb.traversal.RepeatStepIterator.traverseOnWorklist(RepeatStep.scala:74)
	at overflowdb.traversal.RepeatStepIterator.hasNext(RepeatStep.scala:65)
	at scala.collection.Iterator$$anon$10.hasNext(Iterator.scala:600)
	at scala.collection.Iterator$$anon$6.hasNext(Iterator.scala:480)
	at scala.collection.Iterator$$anon$6.next(Iterator.scala:488)
	at overflowdb.traversal.TraversalSugarExt$.head$extension(Traversal.scala:65)
	at ai.glog.cpg.analysis.SinkAnalyzer$.getSinkArguments(SinkAnalyzer.scala:21)
	at ai.glog.cpg.analysis.SinkAnalyzer.getSinkArguments(SinkAnalyzer.scala)
	at ai.glog.plugins.spotbugs.bug.resolve.SqlInjectionResolver.remediation(SqlInjectionResolver.java:105)
	at ai.glog.plugins.spotbugs.bug.resolve.SqlInjectionResolver.getDetailText(SqlInjectionResolver.java:177)
	at ai.glog.execute.GlogTriage.setDetailsForGenuineFinding(GlogTriage.java:147)
	at ai.glog.execute.GlogTriage.execute(GlogTriage.java:70)
	at ai.glog.GlogCommandLine.main(GlogCommandLine.java:65)

Nov 06, 2024 10:17:48 PM ai.glog.plugins.spotbugs.bug.resolve.SqlInjectionResolver getSinkCpg
SEVERE: next on empty iterator
java.util.NoSuchElementException: next on empty iterator
	at scala.collection.Iterator$$anon$19.next(Iterator.scala:973)
	at scala.collection.Iterator$$anon$19.next(Iterator.scala:971)
	at scala.collection.Iterator$$anon$6.next(Iterator.scala:492)
	at overflowdb.traversal.TraversalSugarExt$.head$extension(Traversal.scala:65)
	at ai.glog.cpg.analysis.SinkAnalyzer$.getSink(SinkAnalyzer.scala:12)
	at ai.glog.cpg.analysis.SinkAnalyzer.getSink(SinkAnalyzer.scala)
	at ai.glog.plugins.spotbugs.bug.resolve.SqlInjectionResolver.getSinkCpg(SqlInjectionResolver.java:162)
	at ai.glog.plugins.spotbugs.bug.resolve.SqlInjectionResolver.remediation(SqlInjectionResolver.java:103)
	at ai.glog.plugins.spotbugs.bug.resolve.SqlInjectionResolver.isFalsePositive(SqlInjectionResolver.java:67)
	at ai.glog.execute.GlogTriage.isFalsePositive(GlogTriage.java:112)
	at ai.glog.execute.GlogTriage.execute(GlogTriage.java:65)
	at ai.glog.GlogCommandLine.main(GlogCommandLine.java:65)

Nov 06, 2024 10:17:48 PM ai.glog.plugins.spotbugs.bug.resolve.SqlInjectionResolver remediation
SEVERE: Cannot invoke "overflowdb.Node.out(String[])" because "_$4" is null
java.lang.NullPointerException: Cannot invoke "overflowdb.Node.out(String[])" because "_$4" is null
	at overflowdb.traversal.NodeTraversal$.out$extension$$anonfun$2(NodeTraversal.scala:41)
	at scala.collection.Iterator$$anon$10.nextCur(Iterator.scala:594)
	at scala.collection.Iterator$$anon$10.hasNext(Iterator.scala:608)
	at scala.collection.Iterator.isEmpty(Iterator.scala:466)
	at scala.collection.Iterator.isEmpty$(Iterator.scala:466)
	at scala.collection.AbstractIterator.isEmpty(Iterator.scala:1300)
	at overflowdb.traversal.RepeatStepIterator.traverseOnWorklist(RepeatStep.scala:74)
	at overflowdb.traversal.RepeatStepIterator.hasNext(RepeatStep.scala:65)
	at scala.collection.Iterator$$anon$10.hasNext(Iterator.scala:600)
	at scala.collection.Iterator$$anon$6.hasNext(Iterator.scala:480)
	at scala.collection.Iterator$$anon$6.next(Iterator.scala:488)
	at overflowdb.traversal.TraversalSugarExt$.head$extension(Traversal.scala:65)
	at ai.glog.cpg.analysis.SinkAnalyzer$.getSinkArguments(SinkAnalyzer.scala:21)
	at ai.glog.cpg.analysis.SinkAnalyzer.getSinkArguments(SinkAnalyzer.scala)
	at ai.glog.plugins.spotbugs.bug.resolve.SqlInjectionResolver.remediation(SqlInjectionResolver.java:105)
	at ai.glog.plugins.spotbugs.bug.resolve.SqlInjectionResolver.isFalsePositive(SqlInjectionResolver.java:67)
	at ai.glog.execute.GlogTriage.isFalsePositive(GlogTriage.java:112)
	at ai.glog.execute.GlogTriage.execute(GlogTriage.java:65)
	at ai.glog.GlogCommandLine.main(GlogCommandLine.java:65)

Nov 06, 2024 10:17:48 PM ai.glog.plugins.spotbugs.bug.resolve.SqlInjectionResolver getSinkCpg
SEVERE: next on empty iterator
java.util.NoSuchElementException: next on empty iterator
	at scala.collection.Iterator$$anon$19.next(Iterator.scala:973)
	at scala.collection.Iterator$$anon$19.next(Iterator.scala:971)
	at scala.collection.Iterator$$anon$6.next(Iterator.scala:492)
	at overflowdb.traversal.TraversalSugarExt$.head$extension(Traversal.scala:65)
	at ai.glog.cpg.analysis.SinkAnalyzer$.getSink(SinkAnalyzer.scala:12)
	at ai.glog.cpg.analysis.SinkAnalyzer.getSink(SinkAnalyzer.scala)
	at ai.glog.plugins.spotbugs.bug.resolve.SqlInjectionResolver.getSinkCpg(SqlInjectionResolver.java:162)
	at ai.glog.plugins.spotbugs.bug.resolve.SqlInjectionResolver.remediation(SqlInjectionResolver.java:103)
	at ai.glog.plugins.spotbugs.bug.resolve.SqlInjectionResolver.getDetailText(SqlInjectionResolver.java:177)
	at ai.glog.execute.GlogTriage.execute(GlogTriage.java:68)
	at ai.glog.GlogCommandLine.main(GlogCommandLine.java:65)

Nov 06, 2024 10:17:48 PM ai.glog.plugins.spotbugs.bug.resolve.SqlInjectionResolver remediation
SEVERE: Cannot invoke "overflowdb.Node.out(String[])" because "_$4" is null
java.lang.NullPointerException: Cannot invoke "overflowdb.Node.out(String[])" because "_$4" is null
	at overflowdb.traversal.NodeTraversal$.out$extension$$anonfun$2(NodeTraversal.scala:41)
	at scala.collection.Iterator$$anon$10.nextCur(Iterator.scala:594)
	at scala.collection.Iterator$$anon$10.hasNext(Iterator.scala:608)
	at scala.collection.Iterator.isEmpty(Iterator.scala:466)
	at scala.collection.Iterator.isEmpty$(Iterator.scala:466)
	at scala.collection.AbstractIterator.isEmpty(Iterator.scala:1300)
	at overflowdb.traversal.RepeatStepIterator.traverseOnWorklist(RepeatStep.scala:74)
	at overflowdb.traversal.RepeatStepIterator.hasNext(RepeatStep.scala:65)
	at scala.collection.Iterator$$anon$10.hasNext(Iterator.scala:600)
	at scala.collection.Iterator$$anon$6.hasNext(Iterator.scala:480)
	at scala.collection.Iterator$$anon$6.next(Iterator.scala:488)
	at overflowdb.traversal.TraversalSugarExt$.head$extension(Traversal.scala:65)
	at ai.glog.cpg.analysis.SinkAnalyzer$.getSinkArguments(SinkAnalyzer.scala:21)
	at ai.glog.cpg.analysis.SinkAnalyzer.getSinkArguments(SinkAnalyzer.scala)
	at ai.glog.plugins.spotbugs.bug.resolve.SqlInjectionResolver.remediation(SqlInjectionResolver.java:105)
	at ai.glog.plugins.spotbugs.bug.resolve.SqlInjectionResolver.getDetailText(SqlInjectionResolver.java:177)
	at ai.glog.execute.GlogTriage.execute(GlogTriage.java:68)
	at ai.glog.GlogCommandLine.main(GlogCommandLine.java:65)

Nov 06, 2024 10:17:48 PM ai.glog.plugins.spotbugs.bug.resolve.SqlInjectionResolver getSinkCpg
SEVERE: next on empty iterator
java.util.NoSuchElementException: next on empty iterator
	at scala.collection.Iterator$$anon$19.next(Iterator.scala:973)
	at scala.collection.Iterator$$anon$19.next(Iterator.scala:971)
	at scala.collection.Iterator$$anon$6.next(Iterator.scala:492)
	at overflowdb.traversal.TraversalSugarExt$.head$extension(Traversal.scala:65)
	at ai.glog.cpg.analysis.SinkAnalyzer$.getSink(SinkAnalyzer.scala:12)
	at ai.glog.cpg.analysis.SinkAnalyzer.getSink(SinkAnalyzer.scala)
	at ai.glog.plugins.spotbugs.bug.resolve.SqlInjectionResolver.getSinkCpg(SqlInjectionResolver.java:162)
	at ai.glog.plugins.spotbugs.bug.resolve.SqlInjectionResolver.remediation(SqlInjectionResolver.java:103)
	at ai.glog.plugins.spotbugs.bug.resolve.SqlInjectionResolver.getDetailText(SqlInjectionResolver.java:177)
	at ai.glog.execute.GlogTriage.setDetailsForGenuineFinding(GlogTriage.java:147)
	at ai.glog.execute.GlogTriage.execute(GlogTriage.java:70)
	at ai.glog.GlogCommandLine.main(GlogCommandLine.java:65)

Nov 06, 2024 10:17:48 PM ai.glog.plugins.spotbugs.bug.resolve.SqlInjectionResolver remediation
SEVERE: Cannot invoke "overflowdb.Node.out(String[])" because "_$4" is null
java.lang.NullPointerException: Cannot invoke "overflowdb.Node.out(String[])" because "_$4" is null
	at overflowdb.traversal.NodeTraversal$.out$extension$$anonfun$2(NodeTraversal.scala:41)
	at scala.collection.Iterator$$anon$10.nextCur(Iterator.scala:594)
	at scala.collection.Iterator$$anon$10.hasNext(Iterator.scala:608)
	at scala.collection.Iterator.isEmpty(Iterator.scala:466)
	at scala.collection.Iterator.isEmpty$(Iterator.scala:466)
	at scala.collection.AbstractIterator.isEmpty(Iterator.scala:1300)
	at overflowdb.traversal.RepeatStepIterator.traverseOnWorklist(RepeatStep.scala:74)
	at overflowdb.traversal.RepeatStepIterator.hasNext(RepeatStep.scala:65)
	at scala.collection.Iterator$$anon$10.hasNext(Iterator.scala:600)
	at scala.collection.Iterator$$anon$6.hasNext(Iterator.scala:480)
	at scala.collection.Iterator$$anon$6.next(Iterator.scala:488)
	at overflowdb.traversal.TraversalSugarExt$.head$extension(Traversal.scala:65)
	at ai.glog.cpg.analysis.SinkAnalyzer$.getSinkArguments(SinkAnalyzer.scala:21)
	at ai.glog.cpg.analysis.SinkAnalyzer.getSinkArguments(SinkAnalyzer.scala)
	at ai.glog.plugins.spotbugs.bug.resolve.SqlInjectionResolver.remediation(SqlInjectionResolver.java:105)
	at ai.glog.plugins.spotbugs.bug.resolve.SqlInjectionResolver.getDetailText(SqlInjectionResolver.java:177)
	at ai.glog.execute.GlogTriage.setDetailsForGenuineFinding(GlogTriage.java:147)
	at ai.glog.execute.GlogTriage.execute(GlogTriage.java:70)
	at ai.glog.GlogCommandLine.main(GlogCommandLine.java:65)

Nov 06, 2024 10:17:50 PM ai.glog.plugins.spotbugs.bug.resolve.SpringMvcEndpointResolver getDetailText
SEVERE: next on empty iterator
java.util.NoSuchElementException: next on empty iterator
	at scala.collection.Iterator$$anon$19.next(Iterator.scala:973)
	at scala.collection.Iterator$$anon$19.next(Iterator.scala:971)
	at scala.collection.Iterator$$anon$6.next(Iterator.scala:492)
	at overflowdb.traversal.TraversalSugarExt$.head$extension(Traversal.scala:65)
	at ai.glog.cpg.analysis.TypeAnalyzer.getPublicStringFields(TypeAnalyzer.scala:25)
	at ai.glog.cpg.analysis.MethodAnalyzer$.getFieldsToRemediate$$anonfun$1$$anonfun$3(MethodAnalyzer.scala:60)
	at scala.runtime.function.JProcedure1.apply(JProcedure1.java:15)
	at scala.runtime.function.JProcedure1.apply(JProcedure1.java:10)
	at scala.collection.IterableOnceOps.foreach(IterableOnce.scala:576)
	at scala.collection.IterableOnceOps.foreach$(IterableOnce.scala:574)
	at scala.collection.AbstractIterator.foreach(Iterator.scala:1300)
	at ai.glog.cpg.analysis.MethodAnalyzer$.getFieldsToRemediate$$anonfun$1(MethodAnalyzer.scala:71)
	at scala.runtime.function.JProcedure1.apply(JProcedure1.java:15)
	at scala.runtime.function.JProcedure1.apply(JProcedure1.java:10)
	at scala.collection.IterableOnceOps.foreach(IterableOnce.scala:576)
	at scala.collection.IterableOnceOps.foreach$(IterableOnce.scala:574)
	at scala.collection.AbstractIterator.foreach(Iterator.scala:1300)
	at ai.glog.cpg.analysis.MethodAnalyzer$.getFieldsToRemediate(MethodAnalyzer.scala:74)
	at ai.glog.cpg.analysis.MethodAnalyzer.getFieldsToRemediate(MethodAnalyzer.scala)
	at ai.glog.plugins.spotbugs.bug.resolve.SpringMvcEndpointResolver.getFieldsToRemediate(SpringMvcEndpointResolver.java:238)
	at ai.glog.plugins.spotbugs.bug.resolve.SpringMvcEndpointResolver.getDetailText(SpringMvcEndpointResolver.java:180)
	at ai.glog.execute.GlogTriage.execute(GlogTriage.java:68)
	at ai.glog.GlogCommandLine.main(GlogCommandLine.java:65)

Nov 06, 2024 10:17:50 PM ai.glog.plugins.spotbugs.bug.resolve.SpringMvcEndpointResolver getDetailText
SEVERE: next on empty iterator
java.util.NoSuchElementException: next on empty iterator
	at scala.collection.Iterator$$anon$19.next(Iterator.scala:973)
	at scala.collection.Iterator$$anon$19.next(Iterator.scala:971)
	at scala.collection.Iterator$$anon$6.next(Iterator.scala:492)
	at overflowdb.traversal.TraversalSugarExt$.head$extension(Traversal.scala:65)
	at ai.glog.cpg.analysis.TypeAnalyzer.getPublicStringFields(TypeAnalyzer.scala:25)
	at ai.glog.cpg.analysis.MethodAnalyzer$.getFieldsToRemediate$$anonfun$1$$anonfun$3(MethodAnalyzer.scala:60)
	at scala.runtime.function.JProcedure1.apply(JProcedure1.java:15)
	at scala.runtime.function.JProcedure1.apply(JProcedure1.java:10)
	at scala.collection.IterableOnceOps.foreach(IterableOnce.scala:576)
	at scala.collection.IterableOnceOps.foreach$(IterableOnce.scala:574)
	at scala.collection.AbstractIterator.foreach(Iterator.scala:1300)
	at ai.glog.cpg.analysis.MethodAnalyzer$.getFieldsToRemediate$$anonfun$1(MethodAnalyzer.scala:71)
	at scala.runtime.function.JProcedure1.apply(JProcedure1.java:15)
	at scala.runtime.function.JProcedure1.apply(JProcedure1.java:10)
	at scala.collection.IterableOnceOps.foreach(IterableOnce.scala:576)
	at scala.collection.IterableOnceOps.foreach$(IterableOnce.scala:574)
	at scala.collection.AbstractIterator.foreach(Iterator.scala:1300)
	at ai.glog.cpg.analysis.MethodAnalyzer$.getFieldsToRemediate(MethodAnalyzer.scala:74)
	at ai.glog.cpg.analysis.MethodAnalyzer.getFieldsToRemediate(MethodAnalyzer.scala)
	at ai.glog.plugins.spotbugs.bug.resolve.SpringMvcEndpointResolver.getFieldsToRemediate(SpringMvcEndpointResolver.java:238)
	at ai.glog.plugins.spotbugs.bug.resolve.SpringMvcEndpointResolver.getDetailText(SpringMvcEndpointResolver.java:180)
	at ai.glog.execute.GlogTriage.setDetailsForGenuineFinding(GlogTriage.java:147)
	at ai.glog.execute.GlogTriage.execute(GlogTriage.java:70)
	at ai.glog.GlogCommandLine.main(GlogCommandLine.java:65)

Nov 06, 2024 10:17:51 PM ai.glog.plugins.spotbugs.bug.resolve.SpringMvcEndpointResolver getFieldsToRemediate
SEVERE: ModelAttribute (of class java.lang.String)
scala.MatchError: ModelAttribute (of class java.lang.String)
	at ai.glog.cpg.analysis.MethodAnalyzer$.getFieldsToRemediate$$anonfun$1$$anonfun$3(MethodAnalyzer.scala:70)
	at scala.runtime.function.JProcedure1.apply(JProcedure1.java:15)
	at scala.runtime.function.JProcedure1.apply(JProcedure1.java:10)
	at scala.collection.IterableOnceOps.foreach(IterableOnce.scala:576)
	at scala.collection.IterableOnceOps.foreach$(IterableOnce.scala:574)
	at scala.collection.AbstractIterator.foreach(Iterator.scala:1300)
	at ai.glog.cpg.analysis.MethodAnalyzer$.getFieldsToRemediate$$anonfun$1(MethodAnalyzer.scala:71)
	at scala.runtime.function.JProcedure1.apply(JProcedure1.java:15)
	at scala.runtime.function.JProcedure1.apply(JProcedure1.java:10)
	at scala.collection.IterableOnceOps.foreach(IterableOnce.scala:576)
	at scala.collection.IterableOnceOps.foreach$(IterableOnce.scala:574)
	at scala.collection.AbstractIterator.foreach(Iterator.scala:1300)
	at ai.glog.cpg.analysis.MethodAnalyzer$.getFieldsToRemediate(MethodAnalyzer.scala:74)
	at ai.glog.cpg.analysis.MethodAnalyzer.getFieldsToRemediate(MethodAnalyzer.scala)
	at ai.glog.plugins.spotbugs.bug.resolve.SpringMvcEndpointResolver.getFieldsToRemediate(SpringMvcEndpointResolver.java:238)
	at ai.glog.plugins.spotbugs.bug.resolve.SpringMvcEndpointResolver.getDetailText(SpringMvcEndpointResolver.java:180)
	at ai.glog.execute.GlogTriage.execute(GlogTriage.java:68)
	at ai.glog.GlogCommandLine.main(GlogCommandLine.java:65)

Nov 06, 2024 10:17:51 PM ai.glog.plugins.spotbugs.bug.resolve.SpringMvcEndpointResolver getFieldsToRemediate
SEVERE: ModelAttribute (of class java.lang.String)
scala.MatchError: ModelAttribute (of class java.lang.String)
	at ai.glog.cpg.analysis.MethodAnalyzer$.getFieldsToRemediate$$anonfun$1$$anonfun$3(MethodAnalyzer.scala:70)
	at scala.runtime.function.JProcedure1.apply(JProcedure1.java:15)
	at scala.runtime.function.JProcedure1.apply(JProcedure1.java:10)
	at scala.collection.IterableOnceOps.foreach(IterableOnce.scala:576)
	at scala.collection.IterableOnceOps.foreach$(IterableOnce.scala:574)
	at scala.collection.AbstractIterator.foreach(Iterator.scala:1300)
	at ai.glog.cpg.analysis.MethodAnalyzer$.getFieldsToRemediate$$anonfun$1(MethodAnalyzer.scala:71)
	at scala.runtime.function.JProcedure1.apply(JProcedure1.java:15)
	at scala.runtime.function.JProcedure1.apply(JProcedure1.java:10)
	at scala.collection.IterableOnceOps.foreach(IterableOnce.scala:576)
	at scala.collection.IterableOnceOps.foreach$(IterableOnce.scala:574)
	at scala.collection.AbstractIterator.foreach(Iterator.scala:1300)
	at ai.glog.cpg.analysis.MethodAnalyzer$.getFieldsToRemediate(MethodAnalyzer.scala:74)
	at ai.glog.cpg.analysis.MethodAnalyzer.getFieldsToRemediate(MethodAnalyzer.scala)
	at ai.glog.plugins.spotbugs.bug.resolve.SpringMvcEndpointResolver.getFieldsToRemediate(SpringMvcEndpointResolver.java:238)
	at ai.glog.plugins.spotbugs.bug.resolve.SpringMvcEndpointResolver.getDetailText(SpringMvcEndpointResolver.java:180)
	at ai.glog.execute.GlogTriage.setDetailsForGenuineFinding(GlogTriage.java:147)
	at ai.glog.execute.GlogTriage.execute(GlogTriage.java:70)
	at ai.glog.GlogCommandLine.main(GlogCommandLine.java:65)

Nov 06, 2024 10:17:55 PM ai.glog.plugins.spotbugs.bug.resolve.PathTraversalInResolver getDetailText
SEVERE: next on empty iterator
java.util.NoSuchElementException: next on empty iterator
	at scala.collection.Iterator$$anon$19.next(Iterator.scala:973)
	at scala.collection.Iterator$$anon$19.next(Iterator.scala:971)
	at scala.collection.Iterator$$anon$6.next(Iterator.scala:492)
	at overflowdb.traversal.TraversalSugarExt$.head$extension(Traversal.scala:65)
	at ai.glog.cpg.analysis.SinkAnalyzer$.getSink(SinkAnalyzer.scala:12)
	at ai.glog.cpg.analysis.SinkAnalyzer.getSink(SinkAnalyzer.scala)
	at ai.glog.reporting.Sarif.getSinkCpg(Sarif.java:173)
	at ai.glog.plugins.spotbugs.bug.resolve.PathTraversalInResolver.getDetailText(PathTraversalInResolver.java:93)
	at ai.glog.execute.GlogTriage.execute(GlogTriage.java:68)
	at ai.glog.GlogCommandLine.main(GlogCommandLine.java:65)

Nov 06, 2024 10:17:55 PM ai.glog.plugins.spotbugs.bug.resolve.PathTraversalInResolver getDetailText
SEVERE: next on empty iterator
java.util.NoSuchElementException: next on empty iterator
	at scala.collection.Iterator$$anon$19.next(Iterator.scala:973)
	at scala.collection.Iterator$$anon$19.next(Iterator.scala:971)
	at scala.collection.Iterator$$anon$6.next(Iterator.scala:492)
	at overflowdb.traversal.TraversalSugarExt$.head$extension(Traversal.scala:65)
	at ai.glog.cpg.analysis.SinkAnalyzer$.getSink(SinkAnalyzer.scala:12)
	at ai.glog.cpg.analysis.SinkAnalyzer.getSink(SinkAnalyzer.scala)
	at ai.glog.reporting.Sarif.getSinkCpg(Sarif.java:173)
	at ai.glog.plugins.spotbugs.bug.resolve.PathTraversalInResolver.getDetailText(PathTraversalInResolver.java:93)
	at ai.glog.execute.GlogTriage.setDetailsForGenuineFinding(GlogTriage.java:147)
	at ai.glog.execute.GlogTriage.execute(GlogTriage.java:70)
	at ai.glog.GlogCommandLine.main(GlogCommandLine.java:65)

Nov 06, 2024 10:17:57 PM ai.glog.plugins.spotbugs.bug.resolve.SpringMvcEndpointResolver getFieldsToRemediate
SEVERE: CookieValue (of class java.lang.String)
scala.MatchError: CookieValue (of class java.lang.String)
	at ai.glog.cpg.analysis.MethodAnalyzer$.getFieldsToRemediate$$anonfun$1$$anonfun$3(MethodAnalyzer.scala:70)
	at scala.runtime.function.JProcedure1.apply(JProcedure1.java:15)
	at scala.runtime.function.JProcedure1.apply(JProcedure1.java:10)
	at scala.collection.IterableOnceOps.foreach(IterableOnce.scala:576)
	at scala.collection.IterableOnceOps.foreach$(IterableOnce.scala:574)
	at scala.collection.AbstractIterator.foreach(Iterator.scala:1300)
	at ai.glog.cpg.analysis.MethodAnalyzer$.getFieldsToRemediate$$anonfun$1(MethodAnalyzer.scala:71)
	at scala.runtime.function.JProcedure1.apply(JProcedure1.java:15)
	at scala.runtime.function.JProcedure1.apply(JProcedure1.java:10)
	at scala.collection.IterableOnceOps.foreach(IterableOnce.scala:576)
	at scala.collection.IterableOnceOps.foreach$(IterableOnce.scala:574)
	at scala.collection.AbstractIterator.foreach(Iterator.scala:1300)
	at ai.glog.cpg.analysis.MethodAnalyzer$.getFieldsToRemediate(MethodAnalyzer.scala:74)
	at ai.glog.cpg.analysis.MethodAnalyzer.getFieldsToRemediate(MethodAnalyzer.scala)
	at ai.glog.plugins.spotbugs.bug.resolve.SpringMvcEndpointResolver.getFieldsToRemediate(SpringMvcEndpointResolver.java:238)
	at ai.glog.plugins.spotbugs.bug.resolve.SpringMvcEndpointResolver.getDetailText(SpringMvcEndpointResolver.java:180)
	at ai.glog.execute.GlogTriage.execute(GlogTriage.java:68)
	at ai.glog.GlogCommandLine.main(GlogCommandLine.java:65)

Nov 06, 2024 10:17:57 PM ai.glog.plugins.spotbugs.bug.resolve.SpringMvcEndpointResolver getFieldsToRemediate
SEVERE: CookieValue (of class java.lang.String)
scala.MatchError: CookieValue (of class java.lang.String)
	at ai.glog.cpg.analysis.MethodAnalyzer$.getFieldsToRemediate$$anonfun$1$$anonfun$3(MethodAnalyzer.scala:70)
	at scala.runtime.function.JProcedure1.apply(JProcedure1.java:15)
	at scala.runtime.function.JProcedure1.apply(JProcedure1.java:10)
	at scala.collection.IterableOnceOps.foreach(IterableOnce.scala:576)
	at scala.collection.IterableOnceOps.foreach$(IterableOnce.scala:574)
	at scala.collection.AbstractIterator.foreach(Iterator.scala:1300)
	at ai.glog.cpg.analysis.MethodAnalyzer$.getFieldsToRemediate$$anonfun$1(MethodAnalyzer.scala:71)
	at scala.runtime.function.JProcedure1.apply(JProcedure1.java:15)
	at scala.runtime.function.JProcedure1.apply(JProcedure1.java:10)
	at scala.collection.IterableOnceOps.foreach(IterableOnce.scala:576)
	at scala.collection.IterableOnceOps.foreach$(IterableOnce.scala:574)
	at scala.collection.AbstractIterator.foreach(Iterator.scala:1300)
	at ai.glog.cpg.analysis.MethodAnalyzer$.getFieldsToRemediate(MethodAnalyzer.scala:74)
	at ai.glog.cpg.analysis.MethodAnalyzer.getFieldsToRemediate(MethodAnalyzer.scala)
	at ai.glog.plugins.spotbugs.bug.resolve.SpringMvcEndpointResolver.getFieldsToRemediate(SpringMvcEndpointResolver.java:238)
	at ai.glog.plugins.spotbugs.bug.resolve.SpringMvcEndpointResolver.getDetailText(SpringMvcEndpointResolver.java:180)
	at ai.glog.execute.GlogTriage.setDetailsForGenuineFinding(GlogTriage.java:147)
	at ai.glog.execute.GlogTriage.execute(GlogTriage.java:70)
	at ai.glog.GlogCommandLine.main(GlogCommandLine.java:65)

Nov 06, 2024 10:18:35 PM ai.glog.plugins.spotbugs.bug.resolve.SpringMvcEndpointResolver getDetailText
SEVERE: next on empty iterator
java.util.NoSuchElementException: next on empty iterator
	at scala.collection.Iterator$$anon$19.next(Iterator.scala:973)
	at scala.collection.Iterator$$anon$19.next(Iterator.scala:971)
	at scala.collection.Iterator$$anon$6.next(Iterator.scala:492)
	at overflowdb.traversal.TraversalSugarExt$.head$extension(Traversal.scala:65)
	at ai.glog.cpg.analysis.TypeAnalyzer.getPublicStringFields(TypeAnalyzer.scala:25)
	at ai.glog.cpg.analysis.MethodAnalyzer$.getFieldsToRemediate$$anonfun$1$$anonfun$3$$anonfun$2(MethodAnalyzer.scala:64)
	at scala.collection.IterableOnceOps.foreach(IterableOnce.scala:576)
	at scala.collection.IterableOnceOps.foreach$(IterableOnce.scala:574)
	at scala.collection.AbstractIterator.foreach(Iterator.scala:1300)
	at ai.glog.cpg.analysis.MethodAnalyzer$.getFieldsToRemediate$$anonfun$1$$anonfun$3(MethodAnalyzer.scala:64)
	at scala.runtime.function.JProcedure1.apply(JProcedure1.java:15)
	at scala.runtime.function.JProcedure1.apply(JProcedure1.java:10)
	at scala.collection.IterableOnceOps.foreach(IterableOnce.scala:576)
	at scala.collection.IterableOnceOps.foreach$(IterableOnce.scala:574)
	at scala.collection.AbstractIterator.foreach(Iterator.scala:1300)
	at ai.glog.cpg.analysis.MethodAnalyzer$.getFieldsToRemediate$$anonfun$1(MethodAnalyzer.scala:71)
	at scala.runtime.function.JProcedure1.apply(JProcedure1.java:15)
	at scala.runtime.function.JProcedure1.apply(JProcedure1.java:10)
	at scala.collection.IterableOnceOps.foreach(IterableOnce.scala:576)
	at scala.collection.IterableOnceOps.foreach$(IterableOnce.scala:574)
	at scala.collection.AbstractIterator.foreach(Iterator.scala:1300)
	at ai.glog.cpg.analysis.MethodAnalyzer$.getFieldsToRemediate(MethodAnalyzer.scala:74)
	at ai.glog.cpg.analysis.MethodAnalyzer.getFieldsToRemediate(MethodAnalyzer.scala)
	at ai.glog.plugins.spotbugs.bug.resolve.SpringMvcEndpointResolver.getFieldsToRemediate(SpringMvcEndpointResolver.java:238)
	at ai.glog.plugins.spotbugs.bug.resolve.SpringMvcEndpointResolver.getDetailText(SpringMvcEndpointResolver.java:180)
	at ai.glog.execute.GlogTriage.execute(GlogTriage.java:68)
	at ai.glog.GlogCommandLine.main(GlogCommandLine.java:65)

Nov 06, 2024 10:18:35 PM ai.glog.plugins.spotbugs.bug.resolve.SpringMvcEndpointResolver getDetailText
SEVERE: next on empty iterator
java.util.NoSuchElementException: next on empty iterator
	at scala.collection.Iterator$$anon$19.next(Iterator.scala:973)
	at scala.collection.Iterator$$anon$19.next(Iterator.scala:971)
	at scala.collection.Iterator$$anon$6.next(Iterator.scala:492)
	at overflowdb.traversal.TraversalSugarExt$.head$extension(Traversal.scala:65)
	at ai.glog.cpg.analysis.TypeAnalyzer.getPublicStringFields(TypeAnalyzer.scala:25)
	at ai.glog.cpg.analysis.MethodAnalyzer$.getFieldsToRemediate$$anonfun$1$$anonfun$3$$anonfun$2(MethodAnalyzer.scala:64)
	at scala.collection.IterableOnceOps.foreach(IterableOnce.scala:576)
	at scala.collection.IterableOnceOps.foreach$(IterableOnce.scala:574)
	at scala.collection.AbstractIterator.foreach(Iterator.scala:1300)
	at ai.glog.cpg.analysis.MethodAnalyzer$.getFieldsToRemediate$$anonfun$1$$anonfun$3(MethodAnalyzer.scala:64)
	at scala.runtime.function.JProcedure1.apply(JProcedure1.java:15)
	at scala.runtime.function.JProcedure1.apply(JProcedure1.java:10)
	at scala.collection.IterableOnceOps.foreach(IterableOnce.scala:576)
	at scala.collection.IterableOnceOps.foreach$(IterableOnce.scala:574)
	at scala.collection.AbstractIterator.foreach(Iterator.scala:1300)
	at ai.glog.cpg.analysis.MethodAnalyzer$.getFieldsToRemediate$$anonfun$1(MethodAnalyzer.scala:71)
	at scala.runtime.function.JProcedure1.apply(JProcedure1.java:15)
	at scala.runtime.function.JProcedure1.apply(JProcedure1.java:10)
	at scala.collection.IterableOnceOps.foreach(IterableOnce.scala:576)
	at scala.collection.IterableOnceOps.foreach$(IterableOnce.scala:574)
	at scala.collection.AbstractIterator.foreach(Iterator.scala:1300)
	at ai.glog.cpg.analysis.MethodAnalyzer$.getFieldsToRemediate(MethodAnalyzer.scala:74)
	at ai.glog.cpg.analysis.MethodAnalyzer.getFieldsToRemediate(MethodAnalyzer.scala)
	at ai.glog.plugins.spotbugs.bug.resolve.SpringMvcEndpointResolver.getFieldsToRemediate(SpringMvcEndpointResolver.java:238)
	at ai.glog.plugins.spotbugs.bug.resolve.SpringMvcEndpointResolver.getDetailText(SpringMvcEndpointResolver.java:180)
	at ai.glog.execute.GlogTriage.setDetailsForGenuineFinding(GlogTriage.java:147)
	at ai.glog.execute.GlogTriage.execute(GlogTriage.java:70)
	at ai.glog.GlogCommandLine.main(GlogCommandLine.java:65)

Nov 06, 2024 10:18:35 PM ai.glog.plugins.spotbugs.bug.resolve.SpringMvcEndpointResolver getDetailText
SEVERE: next on empty iterator
java.util.NoSuchElementException: next on empty iterator
	at scala.collection.Iterator$$anon$19.next(Iterator.scala:973)
	at scala.collection.Iterator$$anon$19.next(Iterator.scala:971)
	at scala.collection.Iterator$$anon$6.next(Iterator.scala:492)
	at overflowdb.traversal.TraversalSugarExt$.head$extension(Traversal.scala:65)
	at ai.glog.cpg.analysis.TypeAnalyzer.getPublicStringFields(TypeAnalyzer.scala:25)
	at ai.glog.cpg.analysis.MethodAnalyzer$.getFieldsToRemediate$$anonfun$1$$anonfun$3$$anonfun$2(MethodAnalyzer.scala:64)
	at scala.collection.IterableOnceOps.foreach(IterableOnce.scala:576)
	at scala.collection.IterableOnceOps.foreach$(IterableOnce.scala:574)
	at scala.collection.AbstractIterator.foreach(Iterator.scala:1300)
	at ai.glog.cpg.analysis.MethodAnalyzer$.getFieldsToRemediate$$anonfun$1$$anonfun$3(MethodAnalyzer.scala:64)
	at scala.runtime.function.JProcedure1.apply(JProcedure1.java:15)
	at scala.runtime.function.JProcedure1.apply(JProcedure1.java:10)
	at scala.collection.IterableOnceOps.foreach(IterableOnce.scala:576)
	at scala.collection.IterableOnceOps.foreach$(IterableOnce.scala:574)
	at scala.collection.AbstractIterator.foreach(Iterator.scala:1300)
	at ai.glog.cpg.analysis.MethodAnalyzer$.getFieldsToRemediate$$anonfun$1(MethodAnalyzer.scala:71)
	at scala.runtime.function.JProcedure1.apply(JProcedure1.java:15)
	at scala.runtime.function.JProcedure1.apply(JProcedure1.java:10)
	at scala.collection.IterableOnceOps.foreach(IterableOnce.scala:576)
	at scala.collection.IterableOnceOps.foreach$(IterableOnce.scala:574)
	at scala.collection.AbstractIterator.foreach(Iterator.scala:1300)
	at ai.glog.cpg.analysis.MethodAnalyzer$.getFieldsToRemediate(MethodAnalyzer.scala:74)
	at ai.glog.cpg.analysis.MethodAnalyzer.getFieldsToRemediate(MethodAnalyzer.scala)
	at ai.glog.plugins.spotbugs.bug.resolve.SpringMvcEndpointResolver.getFieldsToRemediate(SpringMvcEndpointResolver.java:238)
	at ai.glog.plugins.spotbugs.bug.resolve.SpringMvcEndpointResolver.getDetailText(SpringMvcEndpointResolver.java:180)
	at ai.glog.execute.GlogTriage.execute(GlogTriage.java:68)
	at ai.glog.GlogCommandLine.main(GlogCommandLine.java:65)

Nov 06, 2024 10:18:35 PM ai.glog.plugins.spotbugs.bug.resolve.SpringMvcEndpointResolver getDetailText
SEVERE: next on empty iterator
java.util.NoSuchElementException: next on empty iterator
	at scala.collection.Iterator$$anon$19.next(Iterator.scala:973)
	at scala.collection.Iterator$$anon$19.next(Iterator.scala:971)
	at scala.collection.Iterator$$anon$6.next(Iterator.scala:492)
	at overflowdb.traversal.TraversalSugarExt$.head$extension(Traversal.scala:65)
	at ai.glog.cpg.analysis.TypeAnalyzer.getPublicStringFields(TypeAnalyzer.scala:25)
	at ai.glog.cpg.analysis.MethodAnalyzer$.getFieldsToRemediate$$anonfun$1$$anonfun$3$$anonfun$2(MethodAnalyzer.scala:64)
	at scala.collection.IterableOnceOps.foreach(IterableOnce.scala:576)
	at scala.collection.IterableOnceOps.foreach$(IterableOnce.scala:574)
	at scala.collection.AbstractIterator.foreach(Iterator.scala:1300)
	at ai.glog.cpg.analysis.MethodAnalyzer$.getFieldsToRemediate$$anonfun$1$$anonfun$3(MethodAnalyzer.scala:64)
	at scala.runtime.function.JProcedure1.apply(JProcedure1.java:15)
	at scala.runtime.function.JProcedure1.apply(JProcedure1.java:10)
	at scala.collection.IterableOnceOps.foreach(IterableOnce.scala:576)
	at scala.collection.IterableOnceOps.foreach$(IterableOnce.scala:574)
	at scala.collection.AbstractIterator.foreach(Iterator.scala:1300)
	at ai.glog.cpg.analysis.MethodAnalyzer$.getFieldsToRemediate$$anonfun$1(MethodAnalyzer.scala:71)
	at scala.runtime.function.JProcedure1.apply(JProcedure1.java:15)
	at scala.runtime.function.JProcedure1.apply(JProcedure1.java:10)
	at scala.collection.IterableOnceOps.foreach(IterableOnce.scala:576)
	at scala.collection.IterableOnceOps.foreach$(IterableOnce.scala:574)
	at scala.collection.AbstractIterator.foreach(Iterator.scala:1300)
	at ai.glog.cpg.analysis.MethodAnalyzer$.getFieldsToRemediate(MethodAnalyzer.scala:74)
	at ai.glog.cpg.analysis.MethodAnalyzer.getFieldsToRemediate(MethodAnalyzer.scala)
	at ai.glog.plugins.spotbugs.bug.resolve.SpringMvcEndpointResolver.getFieldsToRemediate(SpringMvcEndpointResolver.java:238)
	at ai.glog.plugins.spotbugs.bug.resolve.SpringMvcEndpointResolver.getDetailText(SpringMvcEndpointResolver.java:180)
	at ai.glog.execute.GlogTriage.setDetailsForGenuineFinding(GlogTriage.java:147)
	at ai.glog.execute.GlogTriage.execute(GlogTriage.java:70)
	at ai.glog.GlogCommandLine.main(GlogCommandLine.java:65)

Nov 06, 2024 10:18:36 PM ai.glog.plugins.spotbugs.bug.resolve.SpringMvcEndpointResolver getDetailText
SEVERE: next on empty iterator
java.util.NoSuchElementException: next on empty iterator
	at scala.collection.Iterator$$anon$19.next(Iterator.scala:973)
	at scala.collection.Iterator$$anon$19.next(Iterator.scala:971)
	at scala.collection.Iterator$$anon$6.next(Iterator.scala:492)
	at overflowdb.traversal.TraversalSugarExt$.head$extension(Traversal.scala:65)
	at ai.glog.cpg.analysis.TypeAnalyzer.getPublicStringFields(TypeAnalyzer.scala:25)
	at ai.glog.cpg.analysis.MethodAnalyzer$.getFieldsToRemediate$$anonfun$1$$anonfun$3$$anonfun$2(MethodAnalyzer.scala:64)
	at scala.collection.IterableOnceOps.foreach(IterableOnce.scala:576)
	at scala.collection.IterableOnceOps.foreach$(IterableOnce.scala:574)
	at scala.collection.AbstractIterator.foreach(Iterator.scala:1300)
	at ai.glog.cpg.analysis.MethodAnalyzer$.getFieldsToRemediate$$anonfun$1$$anonfun$3(MethodAnalyzer.scala:64)
	at scala.runtime.function.JProcedure1.apply(JProcedure1.java:15)
	at scala.runtime.function.JProcedure1.apply(JProcedure1.java:10)
	at scala.collection.IterableOnceOps.foreach(IterableOnce.scala:576)
	at scala.collection.IterableOnceOps.foreach$(IterableOnce.scala:574)
	at scala.collection.AbstractIterator.foreach(Iterator.scala:1300)
	at ai.glog.cpg.analysis.MethodAnalyzer$.getFieldsToRemediate$$anonfun$1(MethodAnalyzer.scala:71)
	at scala.runtime.function.JProcedure1.apply(JProcedure1.java:15)
	at scala.runtime.function.JProcedure1.apply(JProcedure1.java:10)
	at scala.collection.IterableOnceOps.foreach(IterableOnce.scala:576)
	at scala.collection.IterableOnceOps.foreach$(IterableOnce.scala:574)
	at scala.collection.AbstractIterator.foreach(Iterator.scala:1300)
	at ai.glog.cpg.analysis.MethodAnalyzer$.getFieldsToRemediate(MethodAnalyzer.scala:74)
	at ai.glog.cpg.analysis.MethodAnalyzer.getFieldsToRemediate(MethodAnalyzer.scala)
	at ai.glog.plugins.spotbugs.bug.resolve.SpringMvcEndpointResolver.getFieldsToRemediate(SpringMvcEndpointResolver.java:238)
	at ai.glog.plugins.spotbugs.bug.resolve.SpringMvcEndpointResolver.getDetailText(SpringMvcEndpointResolver.java:180)
	at ai.glog.execute.GlogTriage.execute(GlogTriage.java:68)
	at ai.glog.GlogCommandLine.main(GlogCommandLine.java:65)

Nov 06, 2024 10:18:36 PM ai.glog.plugins.spotbugs.bug.resolve.SpringMvcEndpointResolver getDetailText
SEVERE: next on empty iterator
java.util.NoSuchElementException: next on empty iterator
	at scala.collection.Iterator$$anon$19.next(Iterator.scala:973)
	at scala.collection.Iterator$$anon$19.next(Iterator.scala:971)
	at scala.collection.Iterator$$anon$6.next(Iterator.scala:492)
	at overflowdb.traversal.TraversalSugarExt$.head$extension(Traversal.scala:65)
	at ai.glog.cpg.analysis.TypeAnalyzer.getPublicStringFields(TypeAnalyzer.scala:25)
	at ai.glog.cpg.analysis.MethodAnalyzer$.getFieldsToRemediate$$anonfun$1$$anonfun$3$$anonfun$2(MethodAnalyzer.scala:64)
	at scala.collection.IterableOnceOps.foreach(IterableOnce.scala:576)
	at scala.collection.IterableOnceOps.foreach$(IterableOnce.scala:574)
	at scala.collection.AbstractIterator.foreach(Iterator.scala:1300)
	at ai.glog.cpg.analysis.MethodAnalyzer$.getFieldsToRemediate$$anonfun$1$$anonfun$3(MethodAnalyzer.scala:64)
	at scala.runtime.function.JProcedure1.apply(JProcedure1.java:15)
	at scala.runtime.function.JProcedure1.apply(JProcedure1.java:10)
	at scala.collection.IterableOnceOps.foreach(IterableOnce.scala:576)
	at scala.collection.IterableOnceOps.foreach$(IterableOnce.scala:574)
	at scala.collection.AbstractIterator.foreach(Iterator.scala:1300)
	at ai.glog.cpg.analysis.MethodAnalyzer$.getFieldsToRemediate$$anonfun$1(MethodAnalyzer.scala:71)
	at scala.runtime.function.JProcedure1.apply(JProcedure1.java:15)
	at scala.runtime.function.JProcedure1.apply(JProcedure1.java:10)
	at scala.collection.IterableOnceOps.foreach(IterableOnce.scala:576)
	at scala.collection.IterableOnceOps.foreach$(IterableOnce.scala:574)
	at scala.collection.AbstractIterator.foreach(Iterator.scala:1300)
	at ai.glog.cpg.analysis.MethodAnalyzer$.getFieldsToRemediate(MethodAnalyzer.scala:74)
	at ai.glog.cpg.analysis.MethodAnalyzer.getFieldsToRemediate(MethodAnalyzer.scala)
	at ai.glog.plugins.spotbugs.bug.resolve.SpringMvcEndpointResolver.getFieldsToRemediate(SpringMvcEndpointResolver.java:238)
	at ai.glog.plugins.spotbugs.bug.resolve.SpringMvcEndpointResolver.getDetailText(SpringMvcEndpointResolver.java:180)
	at ai.glog.execute.GlogTriage.setDetailsForGenuineFinding(GlogTriage.java:147)
	at ai.glog.execute.GlogTriage.execute(GlogTriage.java:70)
	at ai.glog.GlogCommandLine.main(GlogCommandLine.java:65)

Nov 06, 2024 10:18:36 PM ai.glog.plugins.spotbugs.bug.resolve.SpringMvcEndpointResolver getFieldsToRemediate
SEVERE: RequestHeader (of class java.lang.String)
scala.MatchError: RequestHeader (of class java.lang.String)
	at ai.glog.cpg.analysis.MethodAnalyzer$.getFieldsToRemediate$$anonfun$1$$anonfun$3(MethodAnalyzer.scala:70)
	at scala.runtime.function.JProcedure1.apply(JProcedure1.java:15)
	at scala.runtime.function.JProcedure1.apply(JProcedure1.java:10)
	at scala.collection.IterableOnceOps.foreach(IterableOnce.scala:576)
	at scala.collection.IterableOnceOps.foreach$(IterableOnce.scala:574)
	at scala.collection.AbstractIterator.foreach(Iterator.scala:1300)
	at ai.glog.cpg.analysis.MethodAnalyzer$.getFieldsToRemediate$$anonfun$1(MethodAnalyzer.scala:71)
	at scala.runtime.function.JProcedure1.apply(JProcedure1.java:15)
	at scala.runtime.function.JProcedure1.apply(JProcedure1.java:10)
	at scala.collection.IterableOnceOps.foreach(IterableOnce.scala:576)
	at scala.collection.IterableOnceOps.foreach$(IterableOnce.scala:574)
	at scala.collection.AbstractIterator.foreach(Iterator.scala:1300)
	at ai.glog.cpg.analysis.MethodAnalyzer$.getFieldsToRemediate(MethodAnalyzer.scala:74)
	at ai.glog.cpg.analysis.MethodAnalyzer.getFieldsToRemediate(MethodAnalyzer.scala)
	at ai.glog.plugins.spotbugs.bug.resolve.SpringMvcEndpointResolver.getFieldsToRemediate(SpringMvcEndpointResolver.java:238)
	at ai.glog.plugins.spotbugs.bug.resolve.SpringMvcEndpointResolver.getDetailText(SpringMvcEndpointResolver.java:180)
	at ai.glog.execute.GlogTriage.execute(GlogTriage.java:68)
	at ai.glog.GlogCommandLine.main(GlogCommandLine.java:65)

Nov 06, 2024 10:18:36 PM ai.glog.plugins.spotbugs.bug.resolve.SpringMvcEndpointResolver getFieldsToRemediate
SEVERE: RequestHeader (of class java.lang.String)
scala.MatchError: RequestHeader (of class java.lang.String)
	at ai.glog.cpg.analysis.MethodAnalyzer$.getFieldsToRemediate$$anonfun$1$$anonfun$3(MethodAnalyzer.scala:70)
	at scala.runtime.function.JProcedure1.apply(JProcedure1.java:15)
	at scala.runtime.function.JProcedure1.apply(JProcedure1.java:10)
	at scala.collection.IterableOnceOps.foreach(IterableOnce.scala:576)
	at scala.collection.IterableOnceOps.foreach$(IterableOnce.scala:574)
	at scala.collection.AbstractIterator.foreach(Iterator.scala:1300)
	at ai.glog.cpg.analysis.MethodAnalyzer$.getFieldsToRemediate$$anonfun$1(MethodAnalyzer.scala:71)
	at scala.runtime.function.JProcedure1.apply(JProcedure1.java:15)
	at scala.runtime.function.JProcedure1.apply(JProcedure1.java:10)
	at scala.collection.IterableOnceOps.foreach(IterableOnce.scala:576)
	at scala.collection.IterableOnceOps.foreach$(IterableOnce.scala:574)
	at scala.collection.AbstractIterator.foreach(Iterator.scala:1300)
	at ai.glog.cpg.analysis.MethodAnalyzer$.getFieldsToRemediate(MethodAnalyzer.scala:74)
	at ai.glog.cpg.analysis.MethodAnalyzer.getFieldsToRemediate(MethodAnalyzer.scala)
	at ai.glog.plugins.spotbugs.bug.resolve.SpringMvcEndpointResolver.getFieldsToRemediate(SpringMvcEndpointResolver.java:238)
	at ai.glog.plugins.spotbugs.bug.resolve.SpringMvcEndpointResolver.getDetailText(SpringMvcEndpointResolver.java:180)
	at ai.glog.execute.GlogTriage.setDetailsForGenuineFinding(GlogTriage.java:147)
	at ai.glog.execute.GlogTriage.execute(GlogTriage.java:70)
	at ai.glog.GlogCommandLine.main(GlogCommandLine.java:65)

Nov 06, 2024 10:18:38 PM ai.glog.plugins.spotbugs.bug.resolve.SpringMvcEndpointResolver getDetailText
SEVERE: next on empty iterator
java.util.NoSuchElementException: next on empty iterator
	at scala.collection.Iterator$$anon$19.next(Iterator.scala:973)
	at scala.collection.Iterator$$anon$19.next(Iterator.scala:971)
	at scala.collection.Iterator$$anon$6.next(Iterator.scala:492)
	at overflowdb.traversal.TraversalSugarExt$.head$extension(Traversal.scala:65)
	at ai.glog.cpg.analysis.TypeAnalyzer.getPublicStringFields(TypeAnalyzer.scala:25)
	at ai.glog.cpg.analysis.MethodAnalyzer$.getFieldsToRemediate$$anonfun$1$$anonfun$3(MethodAnalyzer.scala:60)
	at scala.runtime.function.JProcedure1.apply(JProcedure1.java:15)
	at scala.runtime.function.JProcedure1.apply(JProcedure1.java:10)
	at scala.collection.IterableOnceOps.foreach(IterableOnce.scala:576)
	at scala.collection.IterableOnceOps.foreach$(IterableOnce.scala:574)
	at scala.collection.AbstractIterator.foreach(Iterator.scala:1300)
	at ai.glog.cpg.analysis.MethodAnalyzer$.getFieldsToRemediate$$anonfun$1(MethodAnalyzer.scala:71)
	at scala.runtime.function.JProcedure1.apply(JProcedure1.java:15)
	at scala.runtime.function.JProcedure1.apply(JProcedure1.java:10)
	at scala.collection.IterableOnceOps.foreach(IterableOnce.scala:576)
	at scala.collection.IterableOnceOps.foreach$(IterableOnce.scala:574)
	at scala.collection.AbstractIterator.foreach(Iterator.scala:1300)
	at ai.glog.cpg.analysis.MethodAnalyzer$.getFieldsToRemediate(MethodAnalyzer.scala:74)
	at ai.glog.cpg.analysis.MethodAnalyzer.getFieldsToRemediate(MethodAnalyzer.scala)
	at ai.glog.plugins.spotbugs.bug.resolve.SpringMvcEndpointResolver.getFieldsToRemediate(SpringMvcEndpointResolver.java:238)
	at ai.glog.plugins.spotbugs.bug.resolve.SpringMvcEndpointResolver.getDetailText(SpringMvcEndpointResolver.java:180)
	at ai.glog.execute.GlogTriage.execute(GlogTriage.java:68)
	at ai.glog.GlogCommandLine.main(GlogCommandLine.java:65)

Nov 06, 2024 10:18:38 PM ai.glog.plugins.spotbugs.bug.resolve.SpringMvcEndpointResolver getDetailText
SEVERE: next on empty iterator
java.util.NoSuchElementException: next on empty iterator
	at scala.collection.Iterator$$anon$19.next(Iterator.scala:973)
	at scala.collection.Iterator$$anon$19.next(Iterator.scala:971)
	at scala.collection.Iterator$$anon$6.next(Iterator.scala:492)
	at overflowdb.traversal.TraversalSugarExt$.head$extension(Traversal.scala:65)
	at ai.glog.cpg.analysis.TypeAnalyzer.getPublicStringFields(TypeAnalyzer.scala:25)
	at ai.glog.cpg.analysis.MethodAnalyzer$.getFieldsToRemediate$$anonfun$1$$anonfun$3(MethodAnalyzer.scala:60)
	at scala.runtime.function.JProcedure1.apply(JProcedure1.java:15)
	at scala.runtime.function.JProcedure1.apply(JProcedure1.java:10)
	at scala.collection.IterableOnceOps.foreach(IterableOnce.scala:576)
	at scala.collection.IterableOnceOps.foreach$(IterableOnce.scala:574)
	at scala.collection.AbstractIterator.foreach(Iterator.scala:1300)
	at ai.glog.cpg.analysis.MethodAnalyzer$.getFieldsToRemediate$$anonfun$1(MethodAnalyzer.scala:71)
	at scala.runtime.function.JProcedure1.apply(JProcedure1.java:15)
	at scala.runtime.function.JProcedure1.apply(JProcedure1.java:10)
	at scala.collection.IterableOnceOps.foreach(IterableOnce.scala:576)
	at scala.collection.IterableOnceOps.foreach$(IterableOnce.scala:574)
	at scala.collection.AbstractIterator.foreach(Iterator.scala:1300)
	at ai.glog.cpg.analysis.MethodAnalyzer$.getFieldsToRemediate(MethodAnalyzer.scala:74)
	at ai.glog.cpg.analysis.MethodAnalyzer.getFieldsToRemediate(MethodAnalyzer.scala)
	at ai.glog.plugins.spotbugs.bug.resolve.SpringMvcEndpointResolver.getFieldsToRemediate(SpringMvcEndpointResolver.java:238)
	at ai.glog.plugins.spotbugs.bug.resolve.SpringMvcEndpointResolver.getDetailText(SpringMvcEndpointResolver.java:180)
	at ai.glog.execute.GlogTriage.setDetailsForGenuineFinding(GlogTriage.java:147)
	at ai.glog.execute.GlogTriage.execute(GlogTriage.java:70)
	at ai.glog.GlogCommandLine.main(GlogCommandLine.java:65)

